#! /usr/bin/vvp
:ivl_version "11.0 (stable)";
:ivl_delay_selection "TYPICAL";
:vpi_time_precision + 0;
:vpi_module "/usr/lib/x86_64-linux-gnu/ivl/system.vpi";
:vpi_module "/usr/lib/x86_64-linux-gnu/ivl/vhdl_sys.vpi";
:vpi_module "/usr/lib/x86_64-linux-gnu/ivl/vhdl_textio.vpi";
:vpi_module "/usr/lib/x86_64-linux-gnu/ivl/v2005_math.vpi";
:vpi_module "/usr/lib/x86_64-linux-gnu/ivl/va_math.vpi";
S_0x558bce7798a0 .scope module, "testbench" "testbench" 2 9;
 .timescale 0 0;
P_0x558bce754940 .param/l "ADDR_WIDTH" 0 2 11, +C4<00000000000000000000000000011000>;
v0x558bce800370_0 .var "clk", 0 0;
v0x558bce800430_0 .var "reset", 0 0;
E_0x558bce7102b0 .event negedge, v0x558bce7e8f60_0;
S_0x558bce77fa80 .scope module, "ITA_CORE" "femtosoc" 2 17, 3 616 0, S_0x558bce7798a0;
 .timescale 0 0;
    .port_info 0 /INPUT 1 "RXD";
    .port_info 1 /OUTPUT 1 "TXD";
    .port_info 2 /INOUT 1 "spi_mosi";
    .port_info 3 /INOUT 1 "spi_miso";
    .port_info 4 /OUTPUT 1 "spi_cs_n";
    .port_info 5 /OUTPUT 1 "spi_clk";
    .port_info 6 /INPUT 1 "RESET";
    .port_info 7 /OUTPUT 1 "board_led";
    .port_info 8 /INPUT 1 "pclk";
P_0x558bce70d4a0 .param/l "mem_address_is_vram" 0 3 775, C4<0>;
L_0x558bce782470 .functor BUFZ 1, v0x558bce800430_0, C4<0>, C4<0>, C4<0>;
L_0x558bce7d1410 .functor AND 1, L_0x558bce82b410, L_0x558bce800c70, C4<1>, C4<1>;
L_0x558bce7d3210 .functor BUFZ 32, L_0x558bce8213e0, C4<00000000000000000000000000000000>, C4<00000000000000000000000000000000>, C4<00000000000000000000000000000000>;
L_0x558bce7377e0 .functor AND 1, L_0x558bce82b410, L_0x558bce800990, C4<1>, C4<1>;
L_0x558bce8120d0 .functor AND 1, L_0x558bce800570, L_0x558bce800990, C4<1>, C4<1>;
L_0x7f002907f450 .functor BUFT 1, C4<0>, C4<0>, C4<0>, C4<0>;
L_0x558bce812280 .functor OR 1, L_0x7f002907f450, L_0x558bce8113e0, C4<0>, C4<0>;
L_0x7f002907f498 .functor BUFT 1, C4<0>, C4<0>, C4<0>, C4<0>;
L_0x558bce812380 .functor BUFZ 1, L_0x7f002907f498, C4<0>, C4<0>, C4<0>;
o0x7f00290ccc68 .functor BUFZ 1, C4<z>; HiZ drive
L_0x558bce812680 .functor BUFZ 1, o0x7f00290ccc68, C4<0>, C4<0>, C4<0>;
L_0x558bce8131d0 .functor BUFZ 1, L_0x558bce8134b0, C4<0>, C4<0>, C4<0>;
L_0x558bce82cd70 .functor AND 1, L_0x558bce782470, L_0x558bce82cc30, C4<1>, C4<1>;
v0x558bce7fdb60 .array "RAM", 1535 0, 31 0;
v0x558bce7fdc40_0 .net "RESET", 0 0, v0x558bce800430_0;  1 drivers
v0x558bce7fdd00_0 .net "RXD", 0 0, o0x7f00290ccc68;  0 drivers
v0x558bce7fddd0_0 .net "RXD_internal", 0 0, L_0x558bce812680;  1 drivers
v0x558bce7fde70_0 .net "TXD", 0 0, L_0x558bce8131d0;  1 drivers
v0x558bce7fdf80_0 .net "TXD_internal", 0 0, L_0x558bce8134b0;  1 drivers
v0x558bce7fe070_0 .net *"_ivl_11", 1 0, L_0x558bce8008c0;  1 drivers
L_0x7f002907f060 .functor BUFT 1, C4<01>, C4<0>, C4<0>, C4<0>;
v0x558bce7fe150_0 .net/2u *"_ivl_12", 1 0, L_0x7f002907f060;  1 drivers
v0x558bce7fe230_0 .net *"_ivl_17", 1 0, L_0x558bce800b00;  1 drivers
L_0x7f002907f0a8 .functor BUFT 1, C4<10>, C4<0>, C4<0>, C4<0>;
v0x558bce7fe310_0 .net/2u *"_ivl_18", 1 0, L_0x7f002907f0a8;  1 drivers
v0x558bce7fe3f0_0 .net *"_ivl_40", 31 0, L_0x558bce812540;  1 drivers
v0x558bce7fe4d0_0 .net *"_ivl_5", 1 0, L_0x558bce800660;  1 drivers
L_0x7f002907f018 .functor BUFT 1, C4<00>, C4<0>, C4<0>, C4<0>;
v0x558bce7fe5b0_0 .net/2u *"_ivl_6", 1 0, L_0x7f002907f018;  1 drivers
v0x558bce7fe690_0 .net *"_ivl_63", 0 0, L_0x558bce82cc30;  1 drivers
v0x558bce7fe750_0 .net "board_led", 0 0, L_0x558bce82cf30;  1 drivers
v0x558bce7fe7f0_0 .net "clk", 0 0, L_0x558bce7818b0;  1 drivers
v0x558bce7fe890_0 .var "error", 0 0;
v0x558bce7fea40_0 .net "hwconfig_rdata", 31 0, L_0x558bce812c10;  1 drivers
v0x558bce7feb00_0 .net "io_rbusy", 0 0, L_0x7f002907f450;  1 drivers
v0x558bce7feba0_0 .var "io_rdata", 31 0;
v0x558bce7fec80_0 .net "io_rstrb", 0 0, L_0x558bce7377e0;  1 drivers
v0x558bce7fed20_0 .net "io_wbusy", 0 0, L_0x7f002907f498;  1 drivers
v0x558bce7fedc0_0 .net "io_wdata", 31 0, L_0x558bce7d3210;  1 drivers
v0x558bce7feeb0_0 .net "io_word_address", 19 0, L_0x558bce8121e0;  1 drivers
v0x558bce7fef70_0 .net "io_wstrb", 0 0, L_0x558bce8120d0;  1 drivers
v0x558bce7ff040_0 .net "mapped_spi_flash_rbusy", 0 0, L_0x558bce8113e0;  1 drivers
v0x558bce7ff110_0 .net "mapped_spi_flash_rdata", 31 0, L_0x558bce811c70;  1 drivers
v0x558bce7ff1e0_0 .net "mem_address", 31 0, L_0x558bce81c3b0;  1 drivers
v0x558bce7ff2b0_0 .net "mem_address_is_io", 0 0, L_0x558bce800990;  1 drivers
v0x558bce7ff350_0 .net "mem_address_is_ram", 0 0, L_0x558bce800750;  1 drivers
v0x558bce7ff3f0_0 .net "mem_address_is_spi_flash", 0 0, L_0x558bce800c70;  1 drivers
v0x558bce7ff4b0_0 .net "mem_rbusy", 0 0, L_0x558bce812280;  1 drivers
v0x558bce7ff580_0 .net "mem_rdata", 31 0, L_0x558bce8125e0;  1 drivers
v0x558bce7ff650_0 .net "mem_rstrb", 0 0, L_0x558bce82b410;  1 drivers
v0x558bce7ff720_0 .net "mem_wbusy", 0 0, L_0x558bce812380;  1 drivers
v0x558bce7ff7f0_0 .net "mem_wdata", 31 0, L_0x558bce8213e0;  1 drivers
v0x558bce7ff8c0_0 .net "mem_wmask", 3 0, L_0x558bce82ba50;  1 drivers
v0x558bce7ff990_0 .net "mem_wstrb", 0 0, L_0x558bce800570;  1 drivers
v0x558bce7ffa30_0 .net "pclk", 0 0, v0x558bce800370_0;  1 drivers
v0x558bce7ffad0_0 .var "ram_rdata", 31 0;
v0x558bce7ffb70_0 .net "ram_word_address", 19 0, L_0x558bce812440;  1 drivers
v0x558bce7ffc50_0 .net "reset", 0 0, L_0x558bce782470;  1 drivers
v0x558bce7ffd10_0 .var "reset_cnt", 15 0;
v0x558bce7ffdf0_0 .net "spi_clk", 0 0, L_0x558bce7d0a00;  1 drivers
v0x558bce7ffe90_0 .net "spi_cs_n", 0 0, v0x558bce7e7640_0;  1 drivers
o0x7f00290c83a8 .functor BUFZ 1, C4<z>; HiZ drive
v0x558bce7fff60_0 .net "spi_miso", 0 0, o0x7f00290c83a8;  0 drivers
v0x558bce800030_0 .net "spi_mosi", 0 0, L_0x558bce811520;  1 drivers
v0x558bce800100_0 .net "uart_brk", 0 0, v0x558bce7fd0f0_0;  1 drivers
v0x558bce8001d0_0 .net "uart_rdata", 31 0, L_0x558bce813f30;  1 drivers
E_0x558bce728e50 .event posedge, v0x558bce7fdc40_0, v0x558bce7e7050_0;
L_0x558bce800570 .reduce/or L_0x558bce82ba50;
L_0x558bce800660 .part L_0x558bce81c3b0, 22, 2;
L_0x558bce800750 .cmp/eq 2, L_0x558bce800660, L_0x7f002907f018;
L_0x558bce8008c0 .part L_0x558bce81c3b0, 22, 2;
L_0x558bce800990 .cmp/eq 2, L_0x558bce8008c0, L_0x7f002907f060;
L_0x558bce800b00 .part L_0x558bce81c3b0, 22, 2;
L_0x558bce800c70 .cmp/eq 2, L_0x558bce800b00, L_0x7f002907f0a8;
L_0x558bce811ea0 .part L_0x558bce81c3b0, 2, 20;
L_0x558bce8121e0 .part L_0x558bce81c3b0, 2, 20;
L_0x558bce812440 .part L_0x558bce81c3b0, 2, 20;
L_0x558bce812540 .functor MUXZ 32, L_0x558bce811c70, v0x558bce7ffad0_0, L_0x558bce800750, C4<>;
L_0x558bce8125e0 .functor MUXZ 32, L_0x558bce812540, v0x558bce7feba0_0, L_0x558bce800990, C4<>;
L_0x558bce812d50 .part L_0x558bce8121e0, 17, 1;
L_0x558bce812e90 .part L_0x558bce8121e0, 18, 1;
L_0x558bce813000 .part L_0x558bce8121e0, 19, 1;
L_0x558bce814100 .part L_0x558bce8121e0, 1, 1;
L_0x558bce8142c0 .part L_0x558bce8121e0, 2, 1;
L_0x558bce82cc30 .reduce/nor v0x558bce7fd0f0_0;
S_0x558bce76f3e0 .scope module, "hwconfig" "HardwareConfig" 3 877, 3 384 0, S_0x558bce77fa80;
 .timescale 0 0;
    .port_info 0 /INPUT 1 "clk";
    .port_info 1 /INPUT 1 "sel_memory";
    .port_info 2 /INPUT 1 "sel_devices";
    .port_info 3 /INPUT 1 "sel_cpuinfo";
    .port_info 4 /OUTPUT 32 "rdata";
P_0x558bce7d6fa0 .param/l "NRV_DEVICES" 1 3 399, +C4<0000000000000000000000000000000100000000000000000110>;
P_0x558bce7d6fe0 .param/l "counter_width" 1 3 395, +C4<00000000000000000000000000011000>;
L_0x7f002907f210 .functor BUFT 1, C4<0000000000000000000000000000000000000001100000000000>, C4<0>, C4<0>, C4<0>;
v0x558bce785a00_0 .net/2u *"_ivl_0", 51 0, L_0x7f002907f210;  1 drivers
v0x558bce781a00_0 .net *"_ivl_10", 51 0, L_0x558bce812990;  1 drivers
v0x558bce782610_0 .net *"_ivl_12", 51 0, L_0x558bce812ad0;  1 drivers
L_0x7f002907f258 .functor BUFT 1, C4<0000000000000000000000000000000100000000000000000110>, C4<0>, C4<0>, C4<0>;
v0x558bce7cf700_0 .net/2u *"_ivl_2", 51 0, L_0x7f002907f258;  1 drivers
L_0x7f002907f2a0 .functor BUFT 1, C4<0000000000000000000000000000000011000000000000011000>, C4<0>, C4<0>, C4<0>;
v0x558bce7d0b60_0 .net/2u *"_ivl_4", 51 0, L_0x7f002907f2a0;  1 drivers
L_0x7f002907f2e8 .functor BUFT 1, C4<0000000000000000000000000000000000000000000000000000>, C4<0>, C4<0>, C4<0>;
v0x558bce7d0e50_0 .net/2u *"_ivl_6", 51 0, L_0x7f002907f2e8;  1 drivers
v0x558bce7d33b0_0 .net *"_ivl_8", 51 0, L_0x558bce8128a0;  1 drivers
v0x558bce7e7050_0 .net "clk", 0 0, L_0x558bce7818b0;  alias, 1 drivers
v0x558bce7e7110_0 .net "rdata", 31 0, L_0x558bce812c10;  alias, 1 drivers
v0x558bce7e71f0_0 .net "sel_cpuinfo", 0 0, L_0x558bce813000;  1 drivers
v0x558bce7e72b0_0 .net "sel_devices", 0 0, L_0x558bce812e90;  1 drivers
v0x558bce7e7370_0 .net "sel_memory", 0 0, L_0x558bce812d50;  1 drivers
L_0x558bce8128a0 .functor MUXZ 52, L_0x7f002907f2e8, L_0x7f002907f2a0, L_0x558bce813000, C4<>;
L_0x558bce812990 .functor MUXZ 52, L_0x558bce8128a0, L_0x7f002907f258, L_0x558bce812e90, C4<>;
L_0x558bce812ad0 .functor MUXZ 52, L_0x558bce812990, L_0x7f002907f210, L_0x558bce812d50, C4<>;
L_0x558bce812c10 .part L_0x558bce812ad0, 0, 32;
S_0x558bce797430 .scope module, "mapped_spi_flash" "MappedSPIFlash" 3 736, 4 75 0, S_0x558bce77fa80;
 .timescale 0 0;
    .port_info 0 /INPUT 1 "clk";
    .port_info 1 /INPUT 1 "rstrb";
    .port_info 2 /INPUT 20 "word_address";
    .port_info 3 /OUTPUT 32 "rdata";
    .port_info 4 /OUTPUT 1 "rbusy";
    .port_info 5 /OUTPUT 1 "CLK";
    .port_info 6 /OUTPUT 1 "CS_N";
    .port_info 7 /OUTPUT 1 "MOSI";
    .port_info 8 /INPUT 1 "MISO";
L_0x558bce7cf5e0 .functor OR 1, L_0x558bce810f40, L_0x558bce8111a0, C4<0>, C4<0>;
L_0x558bce7d0a00 .functor AND 1, L_0x558bce811650, L_0x558bce8116f0, C4<1>, C4<1>;
v0x558bce7e7560_0 .net "CLK", 0 0, L_0x558bce7d0a00;  alias, 1 drivers
v0x558bce7e7640_0 .var "CS_N", 0 0;
v0x558bce7e7700_0 .net "MISO", 0 0, o0x7f00290c83a8;  alias, 0 drivers
v0x558bce7e77a0_0 .net "MOSI", 0 0, L_0x558bce811520;  alias, 1 drivers
v0x558bce7e7860_0 .net *"_ivl_0", 31 0, L_0x558bce800d90;  1 drivers
L_0x7f002907f180 .functor BUFT 1, C4<00000000000000000000000000>, C4<0>, C4<0>, C4<0>;
v0x558bce7e7990_0 .net *"_ivl_11", 25 0, L_0x7f002907f180;  1 drivers
L_0x7f002907f1c8 .functor BUFT 1, C4<00000000000000000000000000000000>, C4<0>, C4<0>, C4<0>;
v0x558bce7e7a70_0 .net/2u *"_ivl_12", 31 0, L_0x7f002907f1c8;  1 drivers
v0x558bce7e7b50_0 .net *"_ivl_23", 0 0, L_0x558bce811650;  1 drivers
v0x558bce7e7c10_0 .net *"_ivl_25", 0 0, L_0x558bce8116f0;  1 drivers
v0x558bce7e7d60_0 .net *"_ivl_29", 7 0, L_0x558bce8118d0;  1 drivers
L_0x7f002907f0f0 .functor BUFT 1, C4<00000000000000000000000000>, C4<0>, C4<0>, C4<0>;
v0x558bce7e7e40_0 .net *"_ivl_3", 25 0, L_0x7f002907f0f0;  1 drivers
v0x558bce7e7f20_0 .net *"_ivl_31", 7 0, L_0x558bce811970;  1 drivers
v0x558bce7e8000_0 .net *"_ivl_33", 7 0, L_0x558bce811ac0;  1 drivers
v0x558bce7e80e0_0 .net *"_ivl_35", 7 0, L_0x558bce811b60;  1 drivers
L_0x7f002907f138 .functor BUFT 1, C4<00000000000000000000000000000000>, C4<0>, C4<0>, C4<0>;
v0x558bce7e81c0_0 .net/2u *"_ivl_4", 31 0, L_0x7f002907f138;  1 drivers
v0x558bce7e82a0_0 .net *"_ivl_8", 31 0, L_0x558bce811080;  1 drivers
v0x558bce7e8380_0 .net "busy", 0 0, L_0x558bce7cf5e0;  1 drivers
v0x558bce7e8440_0 .net "clk", 0 0, L_0x558bce7818b0;  alias, 1 drivers
v0x558bce7e84e0_0 .var "cmd_addr", 31 0;
v0x558bce7e85a0_0 .net "rbusy", 0 0, L_0x558bce8113e0;  alias, 1 drivers
v0x558bce7e8660_0 .var "rcv_bitcount", 5 0;
v0x558bce7e8740_0 .var "rcv_data", 31 0;
v0x558bce7e8820_0 .net "rdata", 31 0, L_0x558bce811c70;  alias, 1 drivers
v0x558bce7e8900_0 .net "receiving", 0 0, L_0x558bce8111a0;  1 drivers
v0x558bce7e89c0_0 .net "rstrb", 0 0, L_0x558bce7d1410;  1 drivers
v0x558bce7e8a80_0 .net "sending", 0 0, L_0x558bce810f40;  1 drivers
v0x558bce7e8b40_0 .var "snd_bitcount", 5 0;
v0x558bce7e8c20_0 .net "word_address", 19 0, L_0x558bce811ea0;  1 drivers
E_0x558bce6f7fb0 .event posedge, v0x558bce7e7050_0;
L_0x558bce800d90 .concat [ 6 26 0 0], v0x558bce7e8b40_0, L_0x7f002907f0f0;
L_0x558bce810f40 .cmp/ne 32, L_0x558bce800d90, L_0x7f002907f138;
L_0x558bce811080 .concat [ 6 26 0 0], v0x558bce7e8660_0, L_0x7f002907f180;
L_0x558bce8111a0 .cmp/ne 32, L_0x558bce811080, L_0x7f002907f1c8;
L_0x558bce8113e0 .reduce/nor v0x558bce7e7640_0;
L_0x558bce811520 .part v0x558bce7e84e0_0, 31, 1;
L_0x558bce811650 .reduce/nor v0x558bce7e7640_0;
L_0x558bce8116f0 .reduce/nor L_0x558bce7818b0;
L_0x558bce8118d0 .part v0x558bce7e8740_0, 0, 8;
L_0x558bce811970 .part v0x558bce7e8740_0, 8, 8;
L_0x558bce811ac0 .part v0x558bce7e8740_0, 16, 8;
L_0x558bce811b60 .part v0x558bce7e8740_0, 24, 8;
L_0x558bce811c70 .concat [ 8 8 8 8], L_0x558bce811b60, L_0x558bce811ac0, L_0x558bce811970, L_0x558bce8118d0;
S_0x558bce77e3a0 .scope module, "my_debug_led" "led_blink" 3 1023, 3 595 0, S_0x558bce77fa80;
 .timescale 0 0;
    .port_info 0 /INPUT 1 "clk";
    .port_info 1 /OUTPUT 1 "led";
L_0x558bce82cf30 .functor NOT 1, L_0x558bce82ce90, C4<0>, C4<0>, C4<0>;
v0x558bce7e8e60_0 .net *"_ivl_1", 0 0, L_0x558bce82ce90;  1 drivers
v0x558bce7e8f60_0 .net "clk", 0 0, v0x558bce800370_0;  alias, 1 drivers
v0x558bce7e9020_0 .var "counter", 25 0;
v0x558bce7e9110_0 .net "led", 0 0, L_0x558bce82cf30;  alias, 1 drivers
E_0x558bce7d80a0 .event posedge, v0x558bce7e8f60_0;
L_0x558bce82ce90 .part v0x558bce7e9020_0, 19, 1;
S_0x558bce77e780 .scope module, "pll" "femtoPLL" 3 666, 3 357 0, S_0x558bce77fa80;
 .timescale 0 0;
    .port_info 0 /INPUT 1 "pclk";
    .port_info 1 /OUTPUT 1 "clk";
P_0x558bce7e9280 .param/l "freq" 0 3 358, +C4<00000000000000000000000000001100>;
L_0x558bce7818b0 .functor BUFZ 1, v0x558bce800370_0, C4<0>, C4<0>, C4<0>;
v0x558bce7e9390_0 .net "clk", 0 0, L_0x558bce7818b0;  alias, 1 drivers
v0x558bce7e94a0_0 .net "pclk", 0 0, v0x558bce800370_0;  alias, 1 drivers
S_0x558bce707ad0 .scope module, "processor" "FemtoRV32" 3 1004, 3 13 0, S_0x558bce77fa80;
 .timescale 0 0;
    .port_info 0 /INPUT 1 "clk";
    .port_info 1 /OUTPUT 32 "mem_addr";
    .port_info 2 /OUTPUT 32 "mem_wdata";
    .port_info 3 /OUTPUT 4 "mem_wmask";
    .port_info 4 /INPUT 32 "mem_rdata";
    .port_info 5 /OUTPUT 1 "mem_rstrb";
    .port_info 6 /INPUT 1 "mem_rbusy";
    .port_info 7 /INPUT 1 "mem_wbusy";
    .port_info 8 /INPUT 1 "reset";
P_0x558bce7e9620 .param/l "ADDR_PAD" 1 3 44, C4<00000000>;
P_0x558bce7e9660 .param/l "ADDR_WIDTH" 0 3 36, +C4<00000000000000000000000000011000>;
P_0x558bce7e96a0 .param/l "EXECUTE" 1 3 59, +C4<0000000000000000000000000000000100>;
P_0x558bce7e96e0 .param/l "EXECUTE_bit" 1 3 53, +C4<00000000000000000000000000000010>;
P_0x558bce7e9720 .param/l "FETCH_INSTR" 1 3 57, +C4<00000000000000000000000000000001>;
P_0x558bce7e9760 .param/l "FETCH_INSTR_bit" 1 3 51, +C4<00000000000000000000000000000000>;
P_0x558bce7e97a0 .param/l "NB_STATES" 1 3 55, +C4<00000000000000000000000000000100>;
P_0x558bce7e97e0 .param/l "RESET_ADDR" 0 3 41, +C4<00000000000000000000000000000000>;
P_0x558bce7e9820 .param/l "WAIT_ALU_OR_MEM" 1 3 60, +C4<00000000000000000000000000000001000>;
P_0x558bce7e9860 .param/l "WAIT_ALU_OR_MEM_bit" 1 3 54, +C4<00000000000000000000000000000011>;
P_0x558bce7e98a0 .param/l "WAIT_INSTR" 1 3 58, +C4<000000000000000000000000000000010>;
P_0x558bce7e98e0 .param/l "WAIT_INSTR_bit" 1 3 52, +C4<00000000000000000000000000000001>;
L_0x558bce818de0 .functor OR 1, L_0x558bce817330, L_0x558bce817800, C4<0>, C4<0>;
L_0x558bce818ef0 .functor BUFZ 32, v0x558bce7fa780_0, C4<00000000000000000000000000000000>, C4<00000000000000000000000000000000>, C4<00000000000000000000000000000000>;
L_0x558bce818f60 .functor OR 1, L_0x558bce817800, L_0x558bce8181f0, C4<0>, C4<0>;
L_0x558bce819460 .functor NOT 32, L_0x558bce819020, C4<00000000000000000000000000000000>, C4<00000000000000000000000000000000>, C4<00000000000000000000000000000000>;
L_0x558bce819e30 .functor XOR 1, L_0x558bce81a240, L_0x558bce81a2e0, C4<0>, C4<0>;
L_0x558bce81ba80 .functor OR 1, L_0x558bce81bdc0, L_0x558bce81be60, C4<0>, C4<0>;
L_0x558bce81ebd0 .functor AND 1, L_0x558bce81e1f0, L_0x558bce81ea90, C4<1>, C4<1>;
L_0x558bce822f70 .functor OR 1, L_0x558bce822a40, L_0x558bce822b30, C4<0>, C4<0>;
L_0x558bce823a70 .functor AND 1, L_0x558bce823170, L_0x558bce8239d0, C4<1>, C4<1>;
L_0x558bce824dd0 .functor OR 32, L_0x558bce824120, L_0x558bce824c40, C4<00000000000000000000000000000000>, C4<00000000000000000000000000000000>;
L_0x558bce825a50 .functor OR 32, L_0x558bce824dd0, L_0x558bce8254c0, C4<00000000000000000000000000000000>, C4<00000000000000000000000000000000>;
L_0x558bce825c00 .functor XOR 32, L_0x558bce818ef0, L_0x558bce819020, C4<00000000000000000000000000000000>, C4<00000000000000000000000000000000>;
L_0x558bce826280 .functor OR 32, L_0x558bce825a50, L_0x558bce825ce0, C4<00000000000000000000000000000000>, C4<00000000000000000000000000000000>;
L_0x558bce826540 .functor OR 32, L_0x558bce818ef0, L_0x558bce819020, C4<00000000000000000000000000000000>, C4<00000000000000000000000000000000>;
L_0x558bce825c70 .functor OR 32, L_0x558bce826280, L_0x558bce826630, C4<00000000000000000000000000000000>, C4<00000000000000000000000000000000>;
L_0x558bce826d20 .functor AND 32, L_0x558bce818ef0, L_0x558bce819020, C4<11111111111111111111111111111111>, C4<11111111111111111111111111111111>;
L_0x558bce8267c0 .functor OR 32, L_0x558bce825c70, L_0x558bce826f30, C4<00000000000000000000000000000000>, C4<00000000000000000000000000000000>;
L_0x558bce826a10 .functor OR 32, L_0x558bce8267c0, L_0x558bce8268d0, C4<00000000000000000000000000000000>, C4<00000000000000000000000000000000>;
L_0x558bce827720 .functor OR 1, L_0x558bce8181f0, L_0x558bce817920, C4<0>, C4<0>;
L_0x558bce827970 .functor NOT 1, L_0x558bce827720, C4<0>, C4<0>, C4<0>;
L_0x558bce827b80 .functor OR 1, L_0x558bce827450, L_0x558bce828100, C4<0>, C4<0>;
L_0x558bce827c40 .functor AND 1, L_0x558bce827970, L_0x558bce827b80, C4<1>, C4<1>;
L_0x558bce8286e0 .functor OR 32, L_0x558bce827e10, L_0x558bce827f50, C4<00000000000000000000000000000000>, C4<00000000000000000000000000000000>;
L_0x558bce828980 .functor OR 32, L_0x558bce8286e0, L_0x558bce8287f0, C4<00000000000000000000000000000000>, C4<00000000000000000000000000000000>;
L_0x558bce828330 .functor OR 32, L_0x558bce828980, L_0x558bce8281a0, C4<00000000000000000000000000000000>, C4<00000000000000000000000000000000>;
L_0x558bce828440 .functor OR 1, L_0x558bce818560, L_0x558bce8188e0, C4<0>, C4<0>;
L_0x558bce828e30 .functor OR 32, L_0x558bce828330, L_0x558bce828ca0, C4<00000000000000000000000000000000>, C4<00000000000000000000000000000000>;
L_0x558bce8290d0 .functor OR 32, L_0x558bce828e30, L_0x558bce828f40, C4<00000000000000000000000000000000>, C4<00000000000000000000000000000000>;
L_0x558bce8298a0 .functor AND 1, L_0x558bce829800, L_0x558bce81adb0, C4<1>, C4<1>;
L_0x558bce829330 .functor AND 1, L_0x558bce8299b0, L_0x558bce829290, C4<1>, C4<1>;
L_0x558bce829540 .functor OR 1, L_0x558bce8298a0, L_0x558bce829330, C4<0>, C4<0>;
L_0x558bce8296f0 .functor AND 1, L_0x558bce829650, L_0x558bce81a8f0, C4<1>, C4<1>;
L_0x558bce82a050 .functor OR 1, L_0x558bce829540, L_0x558bce8296f0, C4<0>, C4<0>;
L_0x558bce829a50 .functor AND 1, L_0x558bce82a160, L_0x558bce82a200, C4<1>, C4<1>;
L_0x558bce829c30 .functor OR 1, L_0x558bce82a050, L_0x558bce829a50, C4<0>, C4<0>;
L_0x558bce829de0 .functor AND 1, L_0x558bce829d40, L_0x558bce81aa80, C4<1>, C4<1>;
L_0x558bce829ea0 .functor OR 1, L_0x558bce829c30, L_0x558bce829de0, C4<0>, C4<0>;
L_0x558bce82a340 .functor AND 1, L_0x558bce82a8d0, L_0x558bce82a2a0, C4<1>, C4<1>;
L_0x558bce82a540 .functor OR 1, L_0x558bce829ea0, L_0x558bce82a340, C4<0>, C4<0>;
L_0x558bce82b160 .functor AND 1, L_0x558bce82b0c0, L_0x558bce817050, C4<1>, C4<1>;
L_0x558bce82b410 .functor OR 1, L_0x558bce82b160, L_0x558bce82b370, C4<0>, C4<0>;
L_0x558bce82b6b0 .functor AND 1, L_0x558bce82bd00, L_0x558bce817920, C4<1>, C4<1>;
L_0x558bce82ba50 .functor AND 4, L_0x558bce82b8d0, L_0x558bce82afd0, C4<1111>, C4<1111>;
L_0x558bce82bbb0 .functor AND 1, L_0x558bce82bb10, L_0x558bce818de0, C4<1>, C4<1>;
L_0x558bce82c4f0 .functor AND 1, L_0x558bce8181f0, L_0x558bce82a540, C4<1>, C4<1>;
L_0x558bce82c560 .functor OR 1, L_0x558bce8188e0, L_0x558bce82c4f0, C4<0>, C4<0>;
L_0x558bce82c7a0 .functor OR 1, L_0x558bce817050, L_0x558bce817920, C4<0>, C4<0>;
L_0x558bce82c930 .functor AND 1, L_0x558bce818de0, L_0x558bce822f70, C4<1>, C4<1>;
L_0x558bce82cbc0 .functor OR 1, L_0x558bce82c7a0, L_0x558bce82c930, C4<0>, C4<0>;
v0x558bce7e9d20_0 .net "Bimm", 31 0, L_0x558bce816060;  1 drivers
v0x558bce7ea100_0 .net "EQ", 0 0, L_0x558bce81adb0;  1 drivers
v0x558bce7ea1c0_0 .net "Iimm", 31 0, L_0x558bce8150d0;  1 drivers
v0x558bce7ea2b0_0 .net "Jimm", 31 0, L_0x558bce816cb0;  1 drivers
v0x558bce7ea390_0 .net "LOAD_byte", 7 0, L_0x558bce81d420;  1 drivers
v0x558bce7ea4c0_0 .net "LOAD_data", 31 0, L_0x558bce81faa0;  1 drivers
v0x558bce7ea5a0_0 .net "LOAD_halfword", 15 0, L_0x558bce81cb80;  1 drivers
v0x558bce7ea680_0 .net "LOAD_sign", 0 0, L_0x558bce81ebd0;  1 drivers
v0x558bce7ea740_0 .net "LT", 0 0, L_0x558bce81a8f0;  1 drivers
v0x558bce7ea800_0 .net "LTU", 0 0, L_0x558bce81aa80;  1 drivers
v0x558bce7ea8c0_0 .var "PC", 23 0;
v0x558bce7ea9a0_0 .net "PCplus4", 23 0, L_0x558bce827830;  1 drivers
v0x558bce7eaa80_0 .net "PCplusImm", 23 0, L_0x558bce827680;  1 drivers
v0x558bce7eab60_0 .net "STORE_wmask", 3 0, L_0x558bce82afd0;  1 drivers
v0x558bce7eac40_0 .net "Simm", 31 0, L_0x558bce815860;  1 drivers
v0x558bce7ead20_0 .net "Uimm", 31 0, L_0x558bce814920;  1 drivers
L_0x7f002907f7b0 .functor BUFT 1, C4<11000>, C4<0>, C4<0>, C4<0>;
v0x558bce7eae00_0 .net/2u *"_ivl_100", 4 0, L_0x7f002907f7b0;  1 drivers
v0x558bce7eaee0_0 .net *"_ivl_105", 4 0, L_0x558bce818360;  1 drivers
L_0x7f002907f7f8 .functor BUFT 1, C4<11001>, C4<0>, C4<0>, C4<0>;
v0x558bce7eafc0_0 .net/2u *"_ivl_106", 4 0, L_0x7f002907f7f8;  1 drivers
v0x558bce7eb0a0_0 .net *"_ivl_11", 18 0, L_0x558bce814880;  1 drivers
v0x558bce7eb180_0 .net *"_ivl_111", 4 0, L_0x558bce8186d0;  1 drivers
L_0x7f002907f840 .functor BUFT 1, C4<11011>, C4<0>, C4<0>, C4<0>;
v0x558bce7eb260_0 .net/2u *"_ivl_112", 4 0, L_0x7f002907f840;  1 drivers
v0x558bce7eb340_0 .net *"_ivl_117", 4 0, L_0x558bce818a50;  1 drivers
L_0x7f002907f888 .functor BUFT 1, C4<11100>, C4<0>, C4<0>, C4<0>;
v0x558bce7eb420_0 .net/2u *"_ivl_118", 4 0, L_0x7f002907f888;  1 drivers
L_0x7f002907f528 .functor BUFT 1, C4<000000000000>, C4<0>, C4<0>, C4<0>;
v0x558bce7eb500_0 .net/2u *"_ivl_12", 11 0, L_0x7f002907f528;  1 drivers
v0x558bce7eb5e0_0 .net *"_ivl_126", 0 0, L_0x558bce818f60;  1 drivers
L_0x7f002907f8d0 .functor BUFT 1, C4<1>, C4<0>, C4<0>, C4<0>;
v0x558bce7eb6c0_0 .net/2u *"_ivl_134", 0 0, L_0x7f002907f8d0;  1 drivers
v0x558bce7eb7a0_0 .net *"_ivl_136", 31 0, L_0x558bce819460;  1 drivers
v0x558bce7eb880_0 .net *"_ivl_138", 32 0, L_0x558bce819770;  1 drivers
L_0x7f002907f918 .functor BUFT 1, C4<0>, C4<0>, C4<0>, C4<0>;
v0x558bce7eb960_0 .net/2u *"_ivl_140", 0 0, L_0x7f002907f918;  1 drivers
v0x558bce7eba40_0 .net *"_ivl_142", 32 0, L_0x558bce819af0;  1 drivers
v0x558bce7ebb20_0 .net *"_ivl_144", 32 0, L_0x558bce819d90;  1 drivers
L_0x7f002907f960 .functor BUFT 1, C4<000000000000000000000000000000001>, C4<0>, C4<0>, C4<0>;
v0x558bce7ebc00_0 .net/2u *"_ivl_146", 32 0, L_0x7f002907f960;  1 drivers
v0x558bce7ebef0_0 .net *"_ivl_151", 0 0, L_0x558bce81a240;  1 drivers
v0x558bce7ebfd0_0 .net *"_ivl_153", 0 0, L_0x558bce81a2e0;  1 drivers
v0x558bce7ec0b0_0 .net *"_ivl_154", 0 0, L_0x558bce819e30;  1 drivers
v0x558bce7ec190_0 .net *"_ivl_157", 0 0, L_0x558bce81a580;  1 drivers
v0x558bce7ec270_0 .net *"_ivl_159", 0 0, L_0x558bce81a620;  1 drivers
v0x558bce7ec350_0 .net *"_ivl_165", 31 0, L_0x558bce81ad10;  1 drivers
L_0x7f002907f9a8 .functor BUFT 1, C4<00000000000000000000000000000000>, C4<0>, C4<0>, C4<0>;
v0x558bce7ec430_0 .net/2u *"_ivl_166", 31 0, L_0x7f002907f9a8;  1 drivers
v0x558bce7ec510_0 .net *"_ivl_17", 0 0, L_0x558bce814aa0;  1 drivers
v0x558bce7ec5f0_0 .net *"_ivl_171", 23 0, L_0x558bce81b0d0;  1 drivers
v0x558bce7ec6d0_0 .net *"_ivl_173", 0 0, L_0x558bce81b1c0;  1 drivers
v0x558bce7ec7b0_0 .net *"_ivl_175", 23 0, L_0x558bce81b470;  1 drivers
v0x558bce7ec890_0 .net *"_ivl_177", 23 0, L_0x558bce81b560;  1 drivers
v0x558bce7ec970_0 .net *"_ivl_178", 23 0, L_0x558bce81b820;  1 drivers
v0x558bce7eca50_0 .net *"_ivl_18", 20 0, L_0x558bce814b40;  1 drivers
L_0x7f002907f9f0 .functor BUFT 1, C4<00000000>, C4<0>, C4<0>, C4<0>;
v0x558bce7ecb30_0 .net/2u *"_ivl_182", 7 0, L_0x7f002907f9f0;  1 drivers
v0x558bce7ecc10_0 .net *"_ivl_185", 0 0, L_0x558bce81bdc0;  1 drivers
v0x558bce7eccf0_0 .net *"_ivl_187", 0 0, L_0x558bce81be60;  1 drivers
v0x558bce7ecdd0_0 .net *"_ivl_188", 0 0, L_0x558bce81ba80;  1 drivers
v0x558bce7eceb0_0 .net *"_ivl_190", 23 0, L_0x558bce81c270;  1 drivers
v0x558bce7ecf90_0 .net *"_ivl_195", 0 0, L_0x558bce81c740;  1 drivers
v0x558bce7ed070_0 .net *"_ivl_197", 15 0, L_0x558bce81c7e0;  1 drivers
v0x558bce7ed150_0 .net *"_ivl_199", 15 0, L_0x558bce81cae0;  1 drivers
L_0x7f002907f4e0 .functor BUFT 1, C4<00000001>, C4<0>, C4<0>, C4<0>;
v0x558bce7ed230_0 .net/2u *"_ivl_2", 7 0, L_0x7f002907f4e0;  1 drivers
v0x558bce7ed310_0 .net *"_ivl_203", 0 0, L_0x558bce81cf30;  1 drivers
v0x558bce7ed3f0_0 .net *"_ivl_205", 7 0, L_0x558bce81d060;  1 drivers
v0x558bce7ed4d0_0 .net *"_ivl_207", 7 0, L_0x558bce81d380;  1 drivers
v0x558bce7ed5b0_0 .net *"_ivl_21", 10 0, L_0x558bce815030;  1 drivers
v0x558bce7ed690_0 .net *"_ivl_211", 1 0, L_0x558bce81d840;  1 drivers
L_0x7f002907fa38 .functor BUFT 1, C4<00>, C4<0>, C4<0>, C4<0>;
v0x558bce7ed770_0 .net/2u *"_ivl_212", 1 0, L_0x7f002907fa38;  1 drivers
v0x558bce7ed850_0 .net *"_ivl_217", 1 0, L_0x558bce81dcc0;  1 drivers
L_0x7f002907fa80 .functor BUFT 1, C4<01>, C4<0>, C4<0>, C4<0>;
v0x558bce7ed930_0 .net/2u *"_ivl_218", 1 0, L_0x7f002907fa80;  1 drivers
v0x558bce7eda10_0 .net *"_ivl_223", 0 0, L_0x558bce81e150;  1 drivers
v0x558bce7edf00_0 .net *"_ivl_225", 0 0, L_0x558bce81e1f0;  1 drivers
v0x558bce7edfc0_0 .net *"_ivl_227", 0 0, L_0x558bce81e5a0;  1 drivers
v0x558bce7ee0a0_0 .net *"_ivl_229", 0 0, L_0x558bce81e690;  1 drivers
v0x558bce7ee180_0 .net *"_ivl_230", 0 0, L_0x558bce81ea90;  1 drivers
v0x558bce7ee260_0 .net *"_ivl_234", 23 0, L_0x558bce81ece0;  1 drivers
v0x558bce7ee340_0 .net *"_ivl_236", 31 0, L_0x558bce81f140;  1 drivers
v0x558bce7ee420_0 .net *"_ivl_238", 15 0, L_0x558bce81f1e0;  1 drivers
v0x558bce7ee500_0 .net *"_ivl_240", 31 0, L_0x558bce81f570;  1 drivers
v0x558bce7ee5e0_0 .net *"_ivl_242", 31 0, L_0x558bce81f660;  1 drivers
v0x558bce7ee6c0_0 .net *"_ivl_249", 7 0, L_0x558bce81fbe0;  1 drivers
v0x558bce7ee7a0_0 .net *"_ivl_25", 0 0, L_0x558bce815220;  1 drivers
v0x558bce7ee880_0 .net *"_ivl_253", 0 0, L_0x558bce81ffe0;  1 drivers
v0x558bce7ee960_0 .net *"_ivl_255", 7 0, L_0x558bce820080;  1 drivers
v0x558bce7eea40_0 .net *"_ivl_257", 7 0, L_0x558bce820440;  1 drivers
v0x558bce7eeb20_0 .net *"_ivl_258", 7 0, L_0x558bce820570;  1 drivers
v0x558bce7eec00_0 .net *"_ivl_26", 20 0, L_0x558bce8152c0;  1 drivers
v0x558bce7eece0_0 .net *"_ivl_263", 0 0, L_0x558bce8209e0;  1 drivers
v0x558bce7eedc0_0 .net *"_ivl_265", 7 0, L_0x558bce820a80;  1 drivers
v0x558bce7eeea0_0 .net *"_ivl_267", 7 0, L_0x558bce820e60;  1 drivers
v0x558bce7eef80_0 .net *"_ivl_268", 7 0, L_0x558bce820f00;  1 drivers
v0x558bce7ef060_0 .net *"_ivl_274", 0 0, L_0x558bce821570;  1 drivers
v0x558bce7ef140_0 .net *"_ivl_276", 7 0, L_0x558bce821970;  1 drivers
v0x558bce7ef220_0 .net *"_ivl_278", 0 0, L_0x558bce821a10;  1 drivers
v0x558bce7ef300_0 .net *"_ivl_280", 7 0, L_0x558bce821e20;  1 drivers
v0x558bce7ef3e0_0 .net *"_ivl_282", 7 0, L_0x558bce821ec0;  1 drivers
v0x558bce7ef4c0_0 .net *"_ivl_283", 7 0, L_0x558bce822310;  1 drivers
v0x558bce7ef5a0_0 .net *"_ivl_285", 7 0, L_0x558bce8224d0;  1 drivers
v0x558bce7ef680_0 .net *"_ivl_288", 0 0, L_0x558bce822a40;  1 drivers
v0x558bce7ef760_0 .net *"_ivl_29", 5 0, L_0x558bce8156a0;  1 drivers
v0x558bce7ef840_0 .net *"_ivl_290", 0 0, L_0x558bce822b30;  1 drivers
v0x558bce7ef920_0 .net *"_ivl_294", 0 0, L_0x558bce8230d0;  1 drivers
v0x558bce7efa00_0 .net *"_ivl_296", 0 0, L_0x558bce823170;  1 drivers
v0x558bce7efae0_0 .net *"_ivl_298", 0 0, L_0x558bce8239d0;  1 drivers
v0x558bce7efbc0_0 .net *"_ivl_299", 0 0, L_0x558bce823a70;  1 drivers
v0x558bce7efca0_0 .net *"_ivl_302", 31 0, L_0x558bce823b30;  1 drivers
v0x558bce7efd80_0 .net *"_ivl_303", 31 0, L_0x558bce823f90;  1 drivers
L_0x7f002907fac8 .functor BUFT 1, C4<00000000000000000000000000000000>, C4<0>, C4<0>, C4<0>;
v0x558bce7efe60_0 .net/2u *"_ivl_305", 31 0, L_0x7f002907fac8;  1 drivers
v0x558bce7eff40_0 .net *"_ivl_307", 31 0, L_0x558bce824120;  1 drivers
v0x558bce7f0020_0 .net *"_ivl_31", 4 0, L_0x558bce815740;  1 drivers
v0x558bce7f0100_0 .net *"_ivl_310", 0 0, L_0x558bce824680;  1 drivers
L_0x7f002907fb10 .functor BUFT 1, C4<0000000000000000000000000000000>, C4<0>, C4<0>, C4<0>;
v0x558bce7f01e0_0 .net/2u *"_ivl_311", 30 0, L_0x7f002907fb10;  1 drivers
v0x558bce7f02c0_0 .net *"_ivl_313", 31 0, L_0x558bce824720;  1 drivers
L_0x7f002907fb58 .functor BUFT 1, C4<00000000000000000000000000000000>, C4<0>, C4<0>, C4<0>;
v0x558bce7f03a0_0 .net/2u *"_ivl_315", 31 0, L_0x7f002907fb58;  1 drivers
v0x558bce7f0480_0 .net *"_ivl_317", 31 0, L_0x558bce824c40;  1 drivers
v0x558bce7f0560_0 .net *"_ivl_319", 31 0, L_0x558bce824dd0;  1 drivers
v0x558bce7f0640_0 .net *"_ivl_322", 0 0, L_0x558bce824f40;  1 drivers
L_0x7f002907fba0 .functor BUFT 1, C4<0000000000000000000000000000000>, C4<0>, C4<0>, C4<0>;
v0x558bce7f0720_0 .net/2u *"_ivl_323", 30 0, L_0x7f002907fba0;  1 drivers
v0x558bce7f0800_0 .net *"_ivl_325", 31 0, L_0x558bce8253d0;  1 drivers
L_0x7f002907fbe8 .functor BUFT 1, C4<00000000000000000000000000000000>, C4<0>, C4<0>, C4<0>;
v0x558bce7f08e0_0 .net/2u *"_ivl_327", 31 0, L_0x7f002907fbe8;  1 drivers
v0x558bce7f09c0_0 .net *"_ivl_329", 31 0, L_0x558bce8254c0;  1 drivers
v0x558bce7f0aa0_0 .net *"_ivl_331", 31 0, L_0x558bce825a50;  1 drivers
v0x558bce7f0b80_0 .net *"_ivl_334", 0 0, L_0x558bce825b60;  1 drivers
v0x558bce7f0c60_0 .net *"_ivl_335", 31 0, L_0x558bce825c00;  1 drivers
L_0x7f002907fc30 .functor BUFT 1, C4<00000000000000000000000000000000>, C4<0>, C4<0>, C4<0>;
v0x558bce7f0d40_0 .net/2u *"_ivl_337", 31 0, L_0x7f002907fc30;  1 drivers
v0x558bce7f0e20_0 .net *"_ivl_339", 31 0, L_0x558bce825ce0;  1 drivers
v0x558bce7f0f00_0 .net *"_ivl_341", 31 0, L_0x558bce826280;  1 drivers
v0x558bce7f0fe0_0 .net *"_ivl_344", 0 0, L_0x558bce826390;  1 drivers
v0x558bce7f10c0_0 .net *"_ivl_345", 31 0, L_0x558bce826540;  1 drivers
L_0x7f002907fc78 .functor BUFT 1, C4<00000000000000000000000000000000>, C4<0>, C4<0>, C4<0>;
v0x558bce7f11a0_0 .net/2u *"_ivl_347", 31 0, L_0x7f002907fc78;  1 drivers
v0x558bce7f1280_0 .net *"_ivl_349", 31 0, L_0x558bce826630;  1 drivers
v0x558bce7f1360_0 .net *"_ivl_35", 0 0, L_0x558bce8159d0;  1 drivers
v0x558bce7f1440_0 .net *"_ivl_351", 31 0, L_0x558bce825c70;  1 drivers
v0x558bce7f1520_0 .net *"_ivl_354", 0 0, L_0x558bce826c80;  1 drivers
v0x558bce7f1600_0 .net *"_ivl_355", 31 0, L_0x558bce826d20;  1 drivers
L_0x7f002907fcc0 .functor BUFT 1, C4<00000000000000000000000000000000>, C4<0>, C4<0>, C4<0>;
v0x558bce7f1ef0_0 .net/2u *"_ivl_357", 31 0, L_0x7f002907fcc0;  1 drivers
v0x558bce7f1fd0_0 .net *"_ivl_359", 31 0, L_0x558bce826f30;  1 drivers
v0x558bce7f20b0_0 .net *"_ivl_36", 19 0, L_0x558bce815b00;  1 drivers
v0x558bce7f2190_0 .net *"_ivl_361", 31 0, L_0x558bce8267c0;  1 drivers
L_0x7f002907fd08 .functor BUFT 1, C4<00000000000000000000000000000000>, C4<0>, C4<0>, C4<0>;
v0x558bce7f2270_0 .net/2u *"_ivl_363", 31 0, L_0x7f002907fd08;  1 drivers
v0x558bce7f2350_0 .net *"_ivl_365", 31 0, L_0x558bce8268d0;  1 drivers
v0x558bce7f2430_0 .net *"_ivl_370", 0 0, L_0x558bce8274f0;  1 drivers
v0x558bce7f2510_0 .net *"_ivl_372", 23 0, L_0x558bce826fd0;  1 drivers
v0x558bce7f25f0_0 .net *"_ivl_374", 0 0, L_0x558bce8270c0;  1 drivers
v0x558bce7f26d0_0 .net *"_ivl_376", 23 0, L_0x558bce827160;  1 drivers
v0x558bce7f27b0_0 .net *"_ivl_378", 23 0, L_0x558bce827250;  1 drivers
v0x558bce7f2890_0 .net *"_ivl_379", 23 0, L_0x558bce827340;  1 drivers
v0x558bce7f2970_0 .net *"_ivl_381", 23 0, L_0x558bce827ae0;  1 drivers
L_0x7f002907fd50 .functor BUFT 1, C4<000000000000000000000100>, C4<0>, C4<0>, C4<0>;
v0x558bce7f2a50_0 .net/2u *"_ivl_385", 23 0, L_0x7f002907fd50;  1 drivers
v0x558bce7f2b30_0 .net *"_ivl_389", 0 0, L_0x558bce827720;  1 drivers
v0x558bce7f2c10_0 .net *"_ivl_39", 0 0, L_0x558bce815fc0;  1 drivers
v0x558bce7f2cf0_0 .net *"_ivl_391", 0 0, L_0x558bce827970;  1 drivers
v0x558bce7f2dd0_0 .net *"_ivl_394", 0 0, L_0x558bce827450;  1 drivers
v0x558bce7f2eb0_0 .net *"_ivl_396", 0 0, L_0x558bce828100;  1 drivers
v0x558bce7f2f90_0 .net *"_ivl_397", 0 0, L_0x558bce827b80;  1 drivers
L_0x7f002907fd98 .functor BUFT 1, C4<00000000000000000000000000000000>, C4<0>, C4<0>, C4<0>;
v0x558bce7f3070_0 .net/2u *"_ivl_401", 31 0, L_0x7f002907fd98;  1 drivers
v0x558bce7f3150_0 .net *"_ivl_403", 31 0, L_0x558bce827e10;  1 drivers
L_0x7f002907fde0 .functor BUFT 1, C4<00000000000000000000000000000000>, C4<0>, C4<0>, C4<0>;
v0x558bce7f3230_0 .net/2u *"_ivl_405", 31 0, L_0x7f002907fde0;  1 drivers
v0x558bce7f3310_0 .net *"_ivl_407", 31 0, L_0x558bce827f50;  1 drivers
v0x558bce7f33f0_0 .net *"_ivl_409", 31 0, L_0x558bce8286e0;  1 drivers
v0x558bce7f34d0_0 .net *"_ivl_41", 5 0, L_0x558bce816100;  1 drivers
L_0x7f002907fe28 .functor BUFT 1, C4<00000000000000000000000000000000>, C4<0>, C4<0>, C4<0>;
v0x558bce7f35b0_0 .net/2u *"_ivl_411", 31 0, L_0x7f002907fe28;  1 drivers
v0x558bce7f3690_0 .net *"_ivl_413", 31 0, L_0x558bce8287f0;  1 drivers
v0x558bce7f3770_0 .net *"_ivl_415", 31 0, L_0x558bce828980;  1 drivers
L_0x7f002907fe70 .functor BUFT 1, C4<00000000>, C4<0>, C4<0>, C4<0>;
v0x558bce7f3850_0 .net/2u *"_ivl_417", 7 0, L_0x7f002907fe70;  1 drivers
v0x558bce7f3930_0 .net *"_ivl_419", 31 0, L_0x558bce828b60;  1 drivers
L_0x7f002907feb8 .functor BUFT 1, C4<00000000000000000000000000000000>, C4<0>, C4<0>, C4<0>;
v0x558bce7f3a10_0 .net/2u *"_ivl_421", 31 0, L_0x7f002907feb8;  1 drivers
v0x558bce7f3af0_0 .net *"_ivl_423", 31 0, L_0x558bce8281a0;  1 drivers
v0x558bce7f3bd0_0 .net *"_ivl_425", 31 0, L_0x558bce828330;  1 drivers
v0x558bce7f3cb0_0 .net *"_ivl_427", 0 0, L_0x558bce828440;  1 drivers
L_0x7f002907ff00 .functor BUFT 1, C4<00000000>, C4<0>, C4<0>, C4<0>;
v0x558bce7f3d90_0 .net/2u *"_ivl_429", 7 0, L_0x7f002907ff00;  1 drivers
v0x558bce7f3e70_0 .net *"_ivl_43", 3 0, L_0x558bce8161a0;  1 drivers
v0x558bce7f3f50_0 .net *"_ivl_431", 31 0, L_0x558bce829150;  1 drivers
L_0x7f002907ff48 .functor BUFT 1, C4<00000000000000000000000000000000>, C4<0>, C4<0>, C4<0>;
v0x558bce7f4030_0 .net/2u *"_ivl_433", 31 0, L_0x7f002907ff48;  1 drivers
v0x558bce7f4110_0 .net *"_ivl_435", 31 0, L_0x558bce828ca0;  1 drivers
v0x558bce7f41f0_0 .net *"_ivl_437", 31 0, L_0x558bce828e30;  1 drivers
L_0x7f002907ff90 .functor BUFT 1, C4<00000000000000000000000000000000>, C4<0>, C4<0>, C4<0>;
v0x558bce7f42d0_0 .net/2u *"_ivl_439", 31 0, L_0x7f002907ff90;  1 drivers
L_0x7f002907f570 .functor BUFT 1, C4<0>, C4<0>, C4<0>, C4<0>;
v0x558bce7f43b0_0 .net/2u *"_ivl_44", 0 0, L_0x7f002907f570;  1 drivers
v0x558bce7f4490_0 .net *"_ivl_441", 31 0, L_0x558bce828f40;  1 drivers
v0x558bce7f4570_0 .net *"_ivl_446", 0 0, L_0x558bce829800;  1 drivers
v0x558bce7f4650_0 .net *"_ivl_447", 0 0, L_0x558bce8298a0;  1 drivers
v0x558bce7f4730_0 .net *"_ivl_450", 0 0, L_0x558bce8299b0;  1 drivers
v0x558bce7f4810_0 .net *"_ivl_452", 0 0, L_0x558bce829290;  1 drivers
v0x558bce7f48d0_0 .net *"_ivl_453", 0 0, L_0x558bce829330;  1 drivers
v0x558bce7f49b0_0 .net *"_ivl_455", 0 0, L_0x558bce829540;  1 drivers
v0x558bce7f4a90_0 .net *"_ivl_458", 0 0, L_0x558bce829650;  1 drivers
v0x558bce7f4b70_0 .net *"_ivl_459", 0 0, L_0x558bce8296f0;  1 drivers
v0x558bce7f4c50_0 .net *"_ivl_461", 0 0, L_0x558bce82a050;  1 drivers
v0x558bce7f4d30_0 .net *"_ivl_464", 0 0, L_0x558bce82a160;  1 drivers
v0x558bce7f4e10_0 .net *"_ivl_466", 0 0, L_0x558bce82a200;  1 drivers
v0x558bce7f4ed0_0 .net *"_ivl_467", 0 0, L_0x558bce829a50;  1 drivers
v0x558bce7f4fb0_0 .net *"_ivl_469", 0 0, L_0x558bce829c30;  1 drivers
v0x558bce7f5090_0 .net *"_ivl_472", 0 0, L_0x558bce829d40;  1 drivers
v0x558bce7f5170_0 .net *"_ivl_473", 0 0, L_0x558bce829de0;  1 drivers
v0x558bce7f5250_0 .net *"_ivl_475", 0 0, L_0x558bce829ea0;  1 drivers
v0x558bce7f5330_0 .net *"_ivl_478", 0 0, L_0x558bce82a8d0;  1 drivers
v0x558bce7f5410_0 .net *"_ivl_480", 0 0, L_0x558bce82a2a0;  1 drivers
v0x558bce7f54d0_0 .net *"_ivl_481", 0 0, L_0x558bce82a340;  1 drivers
v0x558bce7f55b0_0 .net *"_ivl_486", 0 0, L_0x558bce82a650;  1 drivers
v0x558bce7f5690_0 .net *"_ivl_488", 0 0, L_0x558bce82a6f0;  1 drivers
L_0x7f002907ffd8 .functor BUFT 1, C4<1000>, C4<0>, C4<0>, C4<0>;
v0x558bce7f5770_0 .net/2u *"_ivl_489", 3 0, L_0x7f002907ffd8;  1 drivers
v0x558bce7f5850_0 .net *"_ivl_49", 0 0, L_0x558bce8164c0;  1 drivers
L_0x7f0029080020 .functor BUFT 1, C4<0100>, C4<0>, C4<0>, C4<0>;
v0x558bce7f5930_0 .net/2u *"_ivl_491", 3 0, L_0x7f0029080020;  1 drivers
v0x558bce7f5a10_0 .net *"_ivl_493", 3 0, L_0x558bce82ae90;  1 drivers
v0x558bce7f5af0_0 .net *"_ivl_496", 0 0, L_0x558bce82aa10;  1 drivers
L_0x7f0029080068 .functor BUFT 1, C4<0010>, C4<0>, C4<0>, C4<0>;
v0x558bce7f5bd0_0 .net/2u *"_ivl_497", 3 0, L_0x7f0029080068;  1 drivers
L_0x7f00290800b0 .functor BUFT 1, C4<0001>, C4<0>, C4<0>, C4<0>;
v0x558bce7f5cb0_0 .net/2u *"_ivl_499", 3 0, L_0x7f00290800b0;  1 drivers
v0x558bce7f5d90_0 .net *"_ivl_5", 2 0, L_0x558bce8145b0;  1 drivers
v0x558bce7f5e70_0 .net *"_ivl_50", 11 0, L_0x558bce816620;  1 drivers
v0x558bce7f5f50_0 .net *"_ivl_501", 3 0, L_0x558bce82aab0;  1 drivers
v0x558bce7f6030_0 .net *"_ivl_503", 3 0, L_0x558bce82ac40;  1 drivers
v0x558bce7f6110_0 .net *"_ivl_506", 0 0, L_0x558bce82add0;  1 drivers
L_0x7f00290800f8 .functor BUFT 1, C4<1100>, C4<0>, C4<0>, C4<0>;
v0x558bce7f61f0_0 .net/2u *"_ivl_507", 3 0, L_0x7f00290800f8;  1 drivers
L_0x7f0029080140 .functor BUFT 1, C4<0011>, C4<0>, C4<0>, C4<0>;
v0x558bce7f62d0_0 .net/2u *"_ivl_509", 3 0, L_0x7f0029080140;  1 drivers
v0x558bce7f63b0_0 .net *"_ivl_511", 3 0, L_0x558bce82b480;  1 drivers
L_0x7f0029080188 .functor BUFT 1, C4<1111>, C4<0>, C4<0>, C4<0>;
v0x558bce7f6490_0 .net/2u *"_ivl_513", 3 0, L_0x7f0029080188;  1 drivers
v0x558bce7f6570_0 .net *"_ivl_515", 3 0, L_0x558bce82b610;  1 drivers
v0x558bce7f6650_0 .net *"_ivl_520", 0 0, L_0x558bce82b0c0;  1 drivers
v0x558bce7f6730_0 .net *"_ivl_521", 0 0, L_0x558bce82b160;  1 drivers
v0x558bce7f6810_0 .net *"_ivl_524", 0 0, L_0x558bce82b370;  1 drivers
v0x558bce7f68f0_0 .net *"_ivl_528", 0 0, L_0x558bce82bd00;  1 drivers
v0x558bce7f69d0_0 .net *"_ivl_529", 0 0, L_0x558bce82b6b0;  1 drivers
v0x558bce7f6ab0_0 .net *"_ivl_53", 7 0, L_0x558bce816710;  1 drivers
v0x558bce7f6b90_0 .net *"_ivl_531", 3 0, L_0x558bce82b8d0;  1 drivers
v0x558bce7f6c70_0 .net *"_ivl_536", 0 0, L_0x558bce82bb10;  1 drivers
v0x558bce7f6d50_0 .net *"_ivl_539", 0 0, L_0x558bce82c4f0;  1 drivers
v0x558bce7f6e30_0 .net *"_ivl_543", 0 0, L_0x558bce82c7a0;  1 drivers
v0x558bce7f6f10_0 .net *"_ivl_545", 0 0, L_0x558bce82c930;  1 drivers
v0x558bce7f6ff0_0 .net *"_ivl_55", 0 0, L_0x558bce816880;  1 drivers
v0x558bce7f70d0_0 .net *"_ivl_57", 9 0, L_0x558bce816b30;  1 drivers
L_0x7f002907f5b8 .functor BUFT 1, C4<0>, C4<0>, C4<0>, C4<0>;
v0x558bce7f71b0_0 .net/2u *"_ivl_58", 0 0, L_0x7f002907f5b8;  1 drivers
v0x558bce7f7290_0 .net *"_ivl_63", 4 0, L_0x558bce816ec0;  1 drivers
L_0x7f002907f600 .functor BUFT 1, C4<00000>, C4<0>, C4<0>, C4<0>;
v0x558bce7f7370_0 .net/2u *"_ivl_64", 4 0, L_0x7f002907f600;  1 drivers
v0x558bce7f7450_0 .net *"_ivl_69", 4 0, L_0x558bce817190;  1 drivers
L_0x7f002907f648 .functor BUFT 1, C4<00100>, C4<0>, C4<0>, C4<0>;
v0x558bce7f7530_0 .net/2u *"_ivl_70", 4 0, L_0x7f002907f648;  1 drivers
v0x558bce7f7610_0 .net *"_ivl_75", 4 0, L_0x558bce817470;  1 drivers
L_0x7f002907f690 .functor BUFT 1, C4<00101>, C4<0>, C4<0>, C4<0>;
v0x558bce7f76f0_0 .net/2u *"_ivl_76", 4 0, L_0x7f002907f690;  1 drivers
v0x558bce7f77d0_0 .net *"_ivl_81", 4 0, L_0x558bce817760;  1 drivers
L_0x7f002907f6d8 .functor BUFT 1, C4<01000>, C4<0>, C4<0>, C4<0>;
v0x558bce7f78b0_0 .net/2u *"_ivl_82", 4 0, L_0x7f002907f6d8;  1 drivers
v0x558bce7f7990_0 .net *"_ivl_87", 4 0, L_0x558bce817a90;  1 drivers
L_0x7f002907f720 .functor BUFT 1, C4<01100>, C4<0>, C4<0>, C4<0>;
v0x558bce7f7a70_0 .net/2u *"_ivl_88", 4 0, L_0x7f002907f720;  1 drivers
v0x558bce7f7b50_0 .net *"_ivl_9", 0 0, L_0x558bce8147e0;  1 drivers
v0x558bce7f7c30_0 .net *"_ivl_93", 4 0, L_0x558bce817cb0;  1 drivers
L_0x7f002907f768 .functor BUFT 1, C4<01101>, C4<0>, C4<0>, C4<0>;
v0x558bce7f7d10_0 .net/2u *"_ivl_94", 4 0, L_0x7f002907f768;  1 drivers
v0x558bce7f7df0_0 .net *"_ivl_99", 4 0, L_0x558bce818000;  1 drivers
v0x558bce7f7ed0_0 .net "aluBusy", 0 0, L_0x558bce8192f0;  1 drivers
v0x558bce7f7f90_0 .net "aluIn1", 31 0, L_0x558bce818ef0;  1 drivers
v0x558bce7f8070_0 .net "aluIn2", 31 0, L_0x558bce819020;  1 drivers
v0x558bce7f8150_0 .net "aluMinus", 32 0, L_0x558bce819f40;  1 drivers
v0x558bce7f8230_0 .net "aluOut", 31 0, L_0x558bce826a10;  1 drivers
v0x558bce7f8310_0 .net "aluPlus", 31 0, L_0x558bce8193c0;  1 drivers
v0x558bce7f83f0_0 .var "aluReg", 31 0;
v0x558bce7f84d0_0 .var "aluShamt", 4 0;
v0x558bce7f85b0_0 .net "aluWr", 0 0, L_0x558bce82bbb0;  1 drivers
v0x558bce7f8670_0 .net "clk", 0 0, L_0x558bce7818b0;  alias, 1 drivers
v0x558bce7f8710_0 .var "cycles", 31 0;
v0x558bce7f87f0_0 .net "funct3Is", 7 0, L_0x558bce8146a0;  1 drivers
v0x558bce7f88d0_0 .net "funct3IsShift", 0 0, L_0x558bce822f70;  1 drivers
v0x558bce7f8990_0 .var "instr", 31 2;
v0x558bce7f8a70_0 .net "isALU", 0 0, L_0x558bce818de0;  1 drivers
v0x558bce7f8b30_0 .net "isALUimm", 0 0, L_0x558bce817330;  1 drivers
v0x558bce7f8bf0_0 .net "isALUreg", 0 0, L_0x558bce817800;  1 drivers
v0x558bce7f8cb0_0 .net "isAUIPC", 0 0, L_0x558bce817620;  1 drivers
v0x558bce7f16c0_0 .net "isBranch", 0 0, L_0x558bce8181f0;  1 drivers
v0x558bce7f1780_0 .net "isJAL", 0 0, L_0x558bce8188e0;  1 drivers
v0x558bce7f1840_0 .net "isJALR", 0 0, L_0x558bce818560;  1 drivers
v0x558bce7f1900_0 .net "isLUI", 0 0, L_0x558bce817e90;  1 drivers
v0x558bce7f19c0_0 .net "isLoad", 0 0, L_0x558bce817050;  1 drivers
v0x558bce7f1a80_0 .net "isSYSTEM", 0 0, L_0x558bce818c70;  1 drivers
v0x558bce7f1b40_0 .net "isStore", 0 0, L_0x558bce817920;  1 drivers
v0x558bce7f1c00_0 .net "jumpToPCplusImm", 0 0, L_0x558bce82c560;  1 drivers
v0x558bce7f1cc0_0 .net "loadstore_addr", 23 0, L_0x558bce81b9e0;  1 drivers
v0x558bce7f1da0_0 .net "mem_addr", 31 0, L_0x558bce81c3b0;  alias, 1 drivers
v0x558bce7f9d60_0 .net "mem_byteAccess", 0 0, L_0x558bce81d8e0;  1 drivers
v0x558bce7f9e00_0 .net "mem_halfwordAccess", 0 0, L_0x558bce81dd60;  1 drivers
v0x558bce7f9ec0_0 .net "mem_rbusy", 0 0, L_0x558bce812280;  alias, 1 drivers
v0x558bce7f9f80_0 .net "mem_rdata", 31 0, L_0x558bce8125e0;  alias, 1 drivers
v0x558bce7fa060_0 .net "mem_rstrb", 0 0, L_0x558bce82b410;  alias, 1 drivers
v0x558bce7fa120_0 .net "mem_wbusy", 0 0, L_0x558bce812380;  alias, 1 drivers
v0x558bce7fa1e0_0 .net "mem_wdata", 31 0, L_0x558bce8213e0;  alias, 1 drivers
v0x558bce7fa2c0_0 .net "mem_wmask", 3 0, L_0x558bce82ba50;  alias, 1 drivers
v0x558bce7fa3a0_0 .net "needToWait", 0 0, L_0x558bce82cbc0;  1 drivers
v0x558bce7fa460_0 .net "predicate", 0 0, L_0x558bce82a540;  1 drivers
v0x558bce7fa520_0 .net "rdId", 4 0, L_0x558bce814510;  1 drivers
v0x558bce7fa600 .array "registerFile", 0 31, 31 0;
v0x558bce7fa6c0_0 .net "reset", 0 0, L_0x558bce82cd70;  1 drivers
v0x558bce7fa780_0 .var "rs1", 31 0;
v0x558bce7fa860_0 .var "rs2", 31 0;
v0x558bce7fa940_0 .var "state", 3 0;
v0x558bce7faa20_0 .net "writeBack", 0 0, L_0x558bce827c40;  1 drivers
v0x558bce7faae0_0 .net "writeBackData", 31 0, L_0x558bce8290d0;  1 drivers
L_0x558bce814510 .part v0x558bce7f8990_0, 5, 5;
L_0x558bce8145b0 .part v0x558bce7f8990_0, 10, 3;
L_0x558bce8146a0 .shift/l 8, L_0x7f002907f4e0, L_0x558bce8145b0;
L_0x558bce8147e0 .part v0x558bce7f8990_0, 29, 1;
L_0x558bce814880 .part v0x558bce7f8990_0, 10, 19;
L_0x558bce814920 .concat [ 12 19 1 0], L_0x7f002907f528, L_0x558bce814880, L_0x558bce8147e0;
L_0x558bce814aa0 .part v0x558bce7f8990_0, 29, 1;
LS_0x558bce814b40_0_0 .concat [ 1 1 1 1], L_0x558bce814aa0, L_0x558bce814aa0, L_0x558bce814aa0, L_0x558bce814aa0;
LS_0x558bce814b40_0_4 .concat [ 1 1 1 1], L_0x558bce814aa0, L_0x558bce814aa0, L_0x558bce814aa0, L_0x558bce814aa0;
LS_0x558bce814b40_0_8 .concat [ 1 1 1 1], L_0x558bce814aa0, L_0x558bce814aa0, L_0x558bce814aa0, L_0x558bce814aa0;
LS_0x558bce814b40_0_12 .concat [ 1 1 1 1], L_0x558bce814aa0, L_0x558bce814aa0, L_0x558bce814aa0, L_0x558bce814aa0;
LS_0x558bce814b40_0_16 .concat [ 1 1 1 1], L_0x558bce814aa0, L_0x558bce814aa0, L_0x558bce814aa0, L_0x558bce814aa0;
LS_0x558bce814b40_0_20 .concat [ 1 0 0 0], L_0x558bce814aa0;
LS_0x558bce814b40_1_0 .concat [ 4 4 4 4], LS_0x558bce814b40_0_0, LS_0x558bce814b40_0_4, LS_0x558bce814b40_0_8, LS_0x558bce814b40_0_12;
LS_0x558bce814b40_1_4 .concat [ 4 1 0 0], LS_0x558bce814b40_0_16, LS_0x558bce814b40_0_20;
L_0x558bce814b40 .concat [ 16 5 0 0], LS_0x558bce814b40_1_0, LS_0x558bce814b40_1_4;
L_0x558bce815030 .part v0x558bce7f8990_0, 18, 11;
L_0x558bce8150d0 .concat [ 11 21 0 0], L_0x558bce815030, L_0x558bce814b40;
L_0x558bce815220 .part v0x558bce7f8990_0, 29, 1;
LS_0x558bce8152c0_0_0 .concat [ 1 1 1 1], L_0x558bce815220, L_0x558bce815220, L_0x558bce815220, L_0x558bce815220;
LS_0x558bce8152c0_0_4 .concat [ 1 1 1 1], L_0x558bce815220, L_0x558bce815220, L_0x558bce815220, L_0x558bce815220;
LS_0x558bce8152c0_0_8 .concat [ 1 1 1 1], L_0x558bce815220, L_0x558bce815220, L_0x558bce815220, L_0x558bce815220;
LS_0x558bce8152c0_0_12 .concat [ 1 1 1 1], L_0x558bce815220, L_0x558bce815220, L_0x558bce815220, L_0x558bce815220;
LS_0x558bce8152c0_0_16 .concat [ 1 1 1 1], L_0x558bce815220, L_0x558bce815220, L_0x558bce815220, L_0x558bce815220;
LS_0x558bce8152c0_0_20 .concat [ 1 0 0 0], L_0x558bce815220;
LS_0x558bce8152c0_1_0 .concat [ 4 4 4 4], LS_0x558bce8152c0_0_0, LS_0x558bce8152c0_0_4, LS_0x558bce8152c0_0_8, LS_0x558bce8152c0_0_12;
LS_0x558bce8152c0_1_4 .concat [ 4 1 0 0], LS_0x558bce8152c0_0_16, LS_0x558bce8152c0_0_20;
L_0x558bce8152c0 .concat [ 16 5 0 0], LS_0x558bce8152c0_1_0, LS_0x558bce8152c0_1_4;
L_0x558bce8156a0 .part v0x558bce7f8990_0, 23, 6;
L_0x558bce815740 .part v0x558bce7f8990_0, 5, 5;
L_0x558bce815860 .concat [ 5 6 21 0], L_0x558bce815740, L_0x558bce8156a0, L_0x558bce8152c0;
L_0x558bce8159d0 .part v0x558bce7f8990_0, 29, 1;
LS_0x558bce815b00_0_0 .concat [ 1 1 1 1], L_0x558bce8159d0, L_0x558bce8159d0, L_0x558bce8159d0, L_0x558bce8159d0;
LS_0x558bce815b00_0_4 .concat [ 1 1 1 1], L_0x558bce8159d0, L_0x558bce8159d0, L_0x558bce8159d0, L_0x558bce8159d0;
LS_0x558bce815b00_0_8 .concat [ 1 1 1 1], L_0x558bce8159d0, L_0x558bce8159d0, L_0x558bce8159d0, L_0x558bce8159d0;
LS_0x558bce815b00_0_12 .concat [ 1 1 1 1], L_0x558bce8159d0, L_0x558bce8159d0, L_0x558bce8159d0, L_0x558bce8159d0;
LS_0x558bce815b00_0_16 .concat [ 1 1 1 1], L_0x558bce8159d0, L_0x558bce8159d0, L_0x558bce8159d0, L_0x558bce8159d0;
LS_0x558bce815b00_1_0 .concat [ 4 4 4 4], LS_0x558bce815b00_0_0, LS_0x558bce815b00_0_4, LS_0x558bce815b00_0_8, LS_0x558bce815b00_0_12;
LS_0x558bce815b00_1_4 .concat [ 4 0 0 0], LS_0x558bce815b00_0_16;
L_0x558bce815b00 .concat [ 16 4 0 0], LS_0x558bce815b00_1_0, LS_0x558bce815b00_1_4;
L_0x558bce815fc0 .part v0x558bce7f8990_0, 5, 1;
L_0x558bce816100 .part v0x558bce7f8990_0, 23, 6;
L_0x558bce8161a0 .part v0x558bce7f8990_0, 6, 4;
LS_0x558bce816060_0_0 .concat [ 1 4 6 1], L_0x7f002907f570, L_0x558bce8161a0, L_0x558bce816100, L_0x558bce815fc0;
LS_0x558bce816060_0_4 .concat [ 20 0 0 0], L_0x558bce815b00;
L_0x558bce816060 .concat [ 12 20 0 0], LS_0x558bce816060_0_0, LS_0x558bce816060_0_4;
L_0x558bce8164c0 .part v0x558bce7f8990_0, 29, 1;
LS_0x558bce816620_0_0 .concat [ 1 1 1 1], L_0x558bce8164c0, L_0x558bce8164c0, L_0x558bce8164c0, L_0x558bce8164c0;
LS_0x558bce816620_0_4 .concat [ 1 1 1 1], L_0x558bce8164c0, L_0x558bce8164c0, L_0x558bce8164c0, L_0x558bce8164c0;
LS_0x558bce816620_0_8 .concat [ 1 1 1 1], L_0x558bce8164c0, L_0x558bce8164c0, L_0x558bce8164c0, L_0x558bce8164c0;
L_0x558bce816620 .concat [ 4 4 4 0], LS_0x558bce816620_0_0, LS_0x558bce816620_0_4, LS_0x558bce816620_0_8;
L_0x558bce816710 .part v0x558bce7f8990_0, 10, 8;
L_0x558bce816880 .part v0x558bce7f8990_0, 18, 1;
L_0x558bce816b30 .part v0x558bce7f8990_0, 19, 10;
LS_0x558bce816cb0_0_0 .concat [ 1 10 1 8], L_0x7f002907f5b8, L_0x558bce816b30, L_0x558bce816880, L_0x558bce816710;
LS_0x558bce816cb0_0_4 .concat [ 12 0 0 0], L_0x558bce816620;
L_0x558bce816cb0 .concat [ 20 12 0 0], LS_0x558bce816cb0_0_0, LS_0x558bce816cb0_0_4;
L_0x558bce816ec0 .part v0x558bce7f8990_0, 0, 5;
L_0x558bce817050 .cmp/eq 5, L_0x558bce816ec0, L_0x7f002907f600;
L_0x558bce817190 .part v0x558bce7f8990_0, 0, 5;
L_0x558bce817330 .cmp/eq 5, L_0x558bce817190, L_0x7f002907f648;
L_0x558bce817470 .part v0x558bce7f8990_0, 0, 5;
L_0x558bce817620 .cmp/eq 5, L_0x558bce817470, L_0x7f002907f690;
L_0x558bce817760 .part v0x558bce7f8990_0, 0, 5;
L_0x558bce817920 .cmp/eq 5, L_0x558bce817760, L_0x7f002907f6d8;
L_0x558bce817a90 .part v0x558bce7f8990_0, 0, 5;
L_0x558bce817800 .cmp/eq 5, L_0x558bce817a90, L_0x7f002907f720;
L_0x558bce817cb0 .part v0x558bce7f8990_0, 0, 5;
L_0x558bce817e90 .cmp/eq 5, L_0x558bce817cb0, L_0x7f002907f768;
L_0x558bce818000 .part v0x558bce7f8990_0, 0, 5;
L_0x558bce8181f0 .cmp/eq 5, L_0x558bce818000, L_0x7f002907f7b0;
L_0x558bce818360 .part v0x558bce7f8990_0, 0, 5;
L_0x558bce818560 .cmp/eq 5, L_0x558bce818360, L_0x7f002907f7f8;
L_0x558bce8186d0 .part v0x558bce7f8990_0, 0, 5;
L_0x558bce8188e0 .cmp/eq 5, L_0x558bce8186d0, L_0x7f002907f840;
L_0x558bce818a50 .part v0x558bce7f8990_0, 0, 5;
L_0x558bce818c70 .cmp/eq 5, L_0x558bce818a50, L_0x7f002907f888;
L_0x558bce819020 .functor MUXZ 32, L_0x558bce8150d0, v0x558bce7fa860_0, L_0x558bce818f60, C4<>;
L_0x558bce8192f0 .reduce/or v0x558bce7f84d0_0;
L_0x558bce8193c0 .arith/sum 32, L_0x558bce818ef0, L_0x558bce819020;
L_0x558bce819770 .concat [ 32 1 0 0], L_0x558bce819460, L_0x7f002907f8d0;
L_0x558bce819af0 .concat [ 32 1 0 0], L_0x558bce818ef0, L_0x7f002907f918;
L_0x558bce819d90 .arith/sum 33, L_0x558bce819770, L_0x558bce819af0;
L_0x558bce819f40 .arith/sum 33, L_0x558bce819d90, L_0x7f002907f960;
L_0x558bce81a240 .part L_0x558bce818ef0, 31, 1;
L_0x558bce81a2e0 .part L_0x558bce819020, 31, 1;
L_0x558bce81a580 .part L_0x558bce818ef0, 31, 1;
L_0x558bce81a620 .part L_0x558bce819f40, 32, 1;
L_0x558bce81a8f0 .functor MUXZ 1, L_0x558bce81a620, L_0x558bce81a580, L_0x558bce819e30, C4<>;
L_0x558bce81aa80 .part L_0x558bce819f40, 32, 1;
L_0x558bce81ad10 .part L_0x558bce819f40, 0, 32;
L_0x558bce81adb0 .cmp/eq 32, L_0x558bce81ad10, L_0x7f002907f9a8;
L_0x558bce81b0d0 .part v0x558bce7fa780_0, 0, 24;
L_0x558bce81b1c0 .part v0x558bce7f8990_0, 3, 1;
L_0x558bce81b470 .part L_0x558bce815860, 0, 24;
L_0x558bce81b560 .part L_0x558bce8150d0, 0, 24;
L_0x558bce81b820 .functor MUXZ 24, L_0x558bce81b560, L_0x558bce81b470, L_0x558bce81b1c0, C4<>;
L_0x558bce81b9e0 .arith/sum 24, L_0x558bce81b0d0, L_0x558bce81b820;
L_0x558bce81bdc0 .part v0x558bce7fa940_0, 1, 1;
L_0x558bce81be60 .part v0x558bce7fa940_0, 0, 1;
L_0x558bce81c270 .functor MUXZ 24, L_0x558bce81b9e0, v0x558bce7ea8c0_0, L_0x558bce81ba80, C4<>;
L_0x558bce81c3b0 .concat [ 24 8 0 0], L_0x558bce81c270, L_0x7f002907f9f0;
L_0x558bce81c740 .part L_0x558bce81b9e0, 1, 1;
L_0x558bce81c7e0 .part L_0x558bce8125e0, 16, 16;
L_0x558bce81cae0 .part L_0x558bce8125e0, 0, 16;
L_0x558bce81cb80 .functor MUXZ 16, L_0x558bce81cae0, L_0x558bce81c7e0, L_0x558bce81c740, C4<>;
L_0x558bce81cf30 .part L_0x558bce81b9e0, 0, 1;
L_0x558bce81d060 .part L_0x558bce81cb80, 8, 8;
L_0x558bce81d380 .part L_0x558bce81cb80, 0, 8;
L_0x558bce81d420 .functor MUXZ 8, L_0x558bce81d380, L_0x558bce81d060, L_0x558bce81cf30, C4<>;
L_0x558bce81d840 .part v0x558bce7f8990_0, 10, 2;
L_0x558bce81d8e0 .cmp/eq 2, L_0x558bce81d840, L_0x7f002907fa38;
L_0x558bce81dcc0 .part v0x558bce7f8990_0, 10, 2;
L_0x558bce81dd60 .cmp/eq 2, L_0x558bce81dcc0, L_0x7f002907fa80;
L_0x558bce81e150 .part v0x558bce7f8990_0, 12, 1;
L_0x558bce81e1f0 .reduce/nor L_0x558bce81e150;
L_0x558bce81e5a0 .part L_0x558bce81d420, 7, 1;
L_0x558bce81e690 .part L_0x558bce81cb80, 15, 1;
L_0x558bce81ea90 .functor MUXZ 1, L_0x558bce81e690, L_0x558bce81e5a0, L_0x558bce81d8e0, C4<>;
LS_0x558bce81ece0_0_0 .concat [ 1 1 1 1], L_0x558bce81ebd0, L_0x558bce81ebd0, L_0x558bce81ebd0, L_0x558bce81ebd0;
LS_0x558bce81ece0_0_4 .concat [ 1 1 1 1], L_0x558bce81ebd0, L_0x558bce81ebd0, L_0x558bce81ebd0, L_0x558bce81ebd0;
LS_0x558bce81ece0_0_8 .concat [ 1 1 1 1], L_0x558bce81ebd0, L_0x558bce81ebd0, L_0x558bce81ebd0, L_0x558bce81ebd0;
LS_0x558bce81ece0_0_12 .concat [ 1 1 1 1], L_0x558bce81ebd0, L_0x558bce81ebd0, L_0x558bce81ebd0, L_0x558bce81ebd0;
LS_0x558bce81ece0_0_16 .concat [ 1 1 1 1], L_0x558bce81ebd0, L_0x558bce81ebd0, L_0x558bce81ebd0, L_0x558bce81ebd0;
LS_0x558bce81ece0_0_20 .concat [ 1 1 1 1], L_0x558bce81ebd0, L_0x558bce81ebd0, L_0x558bce81ebd0, L_0x558bce81ebd0;
LS_0x558bce81ece0_1_0 .concat [ 4 4 4 4], LS_0x558bce81ece0_0_0, LS_0x558bce81ece0_0_4, LS_0x558bce81ece0_0_8, LS_0x558bce81ece0_0_12;
LS_0x558bce81ece0_1_4 .concat [ 4 4 0 0], LS_0x558bce81ece0_0_16, LS_0x558bce81ece0_0_20;
L_0x558bce81ece0 .concat [ 16 8 0 0], LS_0x558bce81ece0_1_0, LS_0x558bce81ece0_1_4;
L_0x558bce81f140 .concat [ 8 24 0 0], L_0x558bce81d420, L_0x558bce81ece0;
LS_0x558bce81f1e0_0_0 .concat [ 1 1 1 1], L_0x558bce81ebd0, L_0x558bce81ebd0, L_0x558bce81ebd0, L_0x558bce81ebd0;
LS_0x558bce81f1e0_0_4 .concat [ 1 1 1 1], L_0x558bce81ebd0, L_0x558bce81ebd0, L_0x558bce81ebd0, L_0x558bce81ebd0;
LS_0x558bce81f1e0_0_8 .concat [ 1 1 1 1], L_0x558bce81ebd0, L_0x558bce81ebd0, L_0x558bce81ebd0, L_0x558bce81ebd0;
LS_0x558bce81f1e0_0_12 .concat [ 1 1 1 1], L_0x558bce81ebd0, L_0x558bce81ebd0, L_0x558bce81ebd0, L_0x558bce81ebd0;
L_0x558bce81f1e0 .concat [ 4 4 4 4], LS_0x558bce81f1e0_0_0, LS_0x558bce81f1e0_0_4, LS_0x558bce81f1e0_0_8, LS_0x558bce81f1e0_0_12;
L_0x558bce81f570 .concat [ 16 16 0 0], L_0x558bce81cb80, L_0x558bce81f1e0;
L_0x558bce81f660 .functor MUXZ 32, L_0x558bce8125e0, L_0x558bce81f570, L_0x558bce81dd60, C4<>;
L_0x558bce81faa0 .functor MUXZ 32, L_0x558bce81f660, L_0x558bce81f140, L_0x558bce81d8e0, C4<>;
L_0x558bce81fbe0 .part v0x558bce7fa860_0, 0, 8;
L_0x558bce81ffe0 .part L_0x558bce81b9e0, 0, 1;
L_0x558bce820080 .part v0x558bce7fa860_0, 0, 8;
L_0x558bce820440 .part v0x558bce7fa860_0, 8, 8;
L_0x558bce820570 .functor MUXZ 8, L_0x558bce820440, L_0x558bce820080, L_0x558bce81ffe0, C4<>;
L_0x558bce8209e0 .part L_0x558bce81b9e0, 1, 1;
L_0x558bce820a80 .part v0x558bce7fa860_0, 0, 8;
L_0x558bce820e60 .part v0x558bce7fa860_0, 16, 8;
L_0x558bce820f00 .functor MUXZ 8, L_0x558bce820e60, L_0x558bce820a80, L_0x558bce8209e0, C4<>;
L_0x558bce8213e0 .concat8 [ 8 8 8 8], L_0x558bce81fbe0, L_0x558bce820570, L_0x558bce820f00, L_0x558bce8224d0;
L_0x558bce821570 .part L_0x558bce81b9e0, 0, 1;
L_0x558bce821970 .part v0x558bce7fa860_0, 0, 8;
L_0x558bce821a10 .part L_0x558bce81b9e0, 1, 1;
L_0x558bce821e20 .part v0x558bce7fa860_0, 8, 8;
L_0x558bce821ec0 .part v0x558bce7fa860_0, 24, 8;
L_0x558bce822310 .functor MUXZ 8, L_0x558bce821ec0, L_0x558bce821e20, L_0x558bce821a10, C4<>;
L_0x558bce8224d0 .functor MUXZ 8, L_0x558bce822310, L_0x558bce821970, L_0x558bce821570, C4<>;
L_0x558bce822a40 .part L_0x558bce8146a0, 1, 1;
L_0x558bce822b30 .part L_0x558bce8146a0, 5, 1;
L_0x558bce8230d0 .part L_0x558bce8146a0, 0, 1;
L_0x558bce823170 .part v0x558bce7f8990_0, 28, 1;
L_0x558bce8239d0 .part v0x558bce7f8990_0, 3, 1;
L_0x558bce823b30 .part L_0x558bce819f40, 0, 32;
L_0x558bce823f90 .functor MUXZ 32, L_0x558bce8193c0, L_0x558bce823b30, L_0x558bce823a70, C4<>;
L_0x558bce824120 .functor MUXZ 32, L_0x7f002907fac8, L_0x558bce823f90, L_0x558bce8230d0, C4<>;
L_0x558bce824680 .part L_0x558bce8146a0, 2, 1;
L_0x558bce824720 .concat [ 1 31 0 0], L_0x558bce81a8f0, L_0x7f002907fb10;
L_0x558bce824c40 .functor MUXZ 32, L_0x7f002907fb58, L_0x558bce824720, L_0x558bce824680, C4<>;
L_0x558bce824f40 .part L_0x558bce8146a0, 3, 1;
L_0x558bce8253d0 .concat [ 1 31 0 0], L_0x558bce81aa80, L_0x7f002907fba0;
L_0x558bce8254c0 .functor MUXZ 32, L_0x7f002907fbe8, L_0x558bce8253d0, L_0x558bce824f40, C4<>;
L_0x558bce825b60 .part L_0x558bce8146a0, 4, 1;
L_0x558bce825ce0 .functor MUXZ 32, L_0x7f002907fc30, L_0x558bce825c00, L_0x558bce825b60, C4<>;
L_0x558bce826390 .part L_0x558bce8146a0, 6, 1;
L_0x558bce826630 .functor MUXZ 32, L_0x7f002907fc78, L_0x558bce826540, L_0x558bce826390, C4<>;
L_0x558bce826c80 .part L_0x558bce8146a0, 7, 1;
L_0x558bce826f30 .functor MUXZ 32, L_0x7f002907fcc0, L_0x558bce826d20, L_0x558bce826c80, C4<>;
L_0x558bce8268d0 .functor MUXZ 32, L_0x7f002907fd08, v0x558bce7f83f0_0, L_0x558bce822f70, C4<>;
L_0x558bce8274f0 .part v0x558bce7f8990_0, 1, 1;
L_0x558bce826fd0 .part L_0x558bce816cb0, 0, 24;
L_0x558bce8270c0 .part v0x558bce7f8990_0, 2, 1;
L_0x558bce827160 .part L_0x558bce814920, 0, 24;
L_0x558bce827250 .part L_0x558bce816060, 0, 24;
L_0x558bce827340 .functor MUXZ 24, L_0x558bce827250, L_0x558bce827160, L_0x558bce8270c0, C4<>;
L_0x558bce827ae0 .functor MUXZ 24, L_0x558bce827340, L_0x558bce826fd0, L_0x558bce8274f0, C4<>;
L_0x558bce827680 .arith/sum 24, v0x558bce7ea8c0_0, L_0x558bce827ae0;
L_0x558bce827830 .arith/sum 24, v0x558bce7ea8c0_0, L_0x7f002907fd50;
L_0x558bce827450 .part v0x558bce7fa940_0, 2, 1;
L_0x558bce828100 .part v0x558bce7fa940_0, 3, 1;
L_0x558bce827e10 .functor MUXZ 32, L_0x7f002907fd98, v0x558bce7f8710_0, L_0x558bce818c70, C4<>;
L_0x558bce827f50 .functor MUXZ 32, L_0x7f002907fde0, L_0x558bce814920, L_0x558bce817e90, C4<>;
L_0x558bce8287f0 .functor MUXZ 32, L_0x7f002907fe28, L_0x558bce826a10, L_0x558bce818de0, C4<>;
L_0x558bce828b60 .concat [ 24 8 0 0], L_0x558bce827680, L_0x7f002907fe70;
L_0x558bce8281a0 .functor MUXZ 32, L_0x7f002907feb8, L_0x558bce828b60, L_0x558bce817620, C4<>;
L_0x558bce829150 .concat [ 24 8 0 0], L_0x558bce827830, L_0x7f002907ff00;
L_0x558bce828ca0 .functor MUXZ 32, L_0x7f002907ff48, L_0x558bce829150, L_0x558bce828440, C4<>;
L_0x558bce828f40 .functor MUXZ 32, L_0x7f002907ff90, L_0x558bce81faa0, L_0x558bce817050, C4<>;
L_0x558bce829800 .part L_0x558bce8146a0, 0, 1;
L_0x558bce8299b0 .part L_0x558bce8146a0, 1, 1;
L_0x558bce829290 .reduce/nor L_0x558bce81adb0;
L_0x558bce829650 .part L_0x558bce8146a0, 4, 1;
L_0x558bce82a160 .part L_0x558bce8146a0, 5, 1;
L_0x558bce82a200 .reduce/nor L_0x558bce81a8f0;
L_0x558bce829d40 .part L_0x558bce8146a0, 6, 1;
L_0x558bce82a8d0 .part L_0x558bce8146a0, 7, 1;
L_0x558bce82a2a0 .reduce/nor L_0x558bce81aa80;
L_0x558bce82a650 .part L_0x558bce81b9e0, 1, 1;
L_0x558bce82a6f0 .part L_0x558bce81b9e0, 0, 1;
L_0x558bce82ae90 .functor MUXZ 4, L_0x7f0029080020, L_0x7f002907ffd8, L_0x558bce82a6f0, C4<>;
L_0x558bce82aa10 .part L_0x558bce81b9e0, 0, 1;
L_0x558bce82aab0 .functor MUXZ 4, L_0x7f00290800b0, L_0x7f0029080068, L_0x558bce82aa10, C4<>;
L_0x558bce82ac40 .functor MUXZ 4, L_0x558bce82aab0, L_0x558bce82ae90, L_0x558bce82a650, C4<>;
L_0x558bce82add0 .part L_0x558bce81b9e0, 1, 1;
L_0x558bce82b480 .functor MUXZ 4, L_0x7f0029080140, L_0x7f00290800f8, L_0x558bce82add0, C4<>;
L_0x558bce82b610 .functor MUXZ 4, L_0x7f0029080188, L_0x558bce82b480, L_0x558bce81dd60, C4<>;
L_0x558bce82afd0 .functor MUXZ 4, L_0x558bce82b610, L_0x558bce82ac40, L_0x558bce81d8e0, C4<>;
L_0x558bce82b0c0 .part v0x558bce7fa940_0, 2, 1;
L_0x558bce82b370 .part v0x558bce7fa940_0, 0, 1;
L_0x558bce82bd00 .part v0x558bce7fa940_0, 2, 1;
L_0x558bce82b8d0 .concat [ 1 1 1 1], L_0x558bce82b6b0, L_0x558bce82b6b0, L_0x558bce82b6b0, L_0x558bce82b6b0;
L_0x558bce82bb10 .part v0x558bce7fa940_0, 2, 1;
S_0x558bce7face0 .scope module, "uart" "UART" 3 934, 3 532 0, S_0x558bce77fa80;
 .timescale 0 0;
    .port_info 0 /INPUT 1 "clk";
    .port_info 1 /INPUT 1 "rstrb";
    .port_info 2 /INPUT 1 "wstrb";
    .port_info 3 /INPUT 1 "sel_dat";
    .port_info 4 /INPUT 1 "sel_cntl";
    .port_info 5 /INPUT 32 "wdata";
    .port_info 6 /OUTPUT 32 "rdata";
    .port_info 7 /INPUT 1 "RXD";
    .port_info 8 /OUTPUT 1 "TXD";
    .port_info 9 /OUTPUT 1 "brk";
L_0x558bce8138b0 .functor AND 1, L_0x558bce814100, L_0x558bce8120d0, C4<1>, C4<1>;
L_0x558bce813920 .functor AND 1, L_0x558bce814100, L_0x558bce7377e0, C4<1>, C4<1>;
v0x558bce7fc970_0 .net "RXD", 0 0, L_0x558bce812680;  alias, 1 drivers
v0x558bce7fca30_0 .net "TXD", 0 0, L_0x558bce8134b0;  alias, 1 drivers
v0x558bce7fcb00_0 .net *"_ivl_10", 31 0, L_0x558bce813a80;  1 drivers
L_0x7f002907f378 .functor BUFT 1, C4<0000000000000000000000>, C4<0>, C4<0>, C4<0>;
v0x558bce7fcbd0_0 .net/2u *"_ivl_12", 21 0, L_0x7f002907f378;  1 drivers
L_0x7f002907f3c0 .functor BUFT 1, C4<00000000>, C4<0>, C4<0>, C4<0>;
v0x558bce7fcc90_0 .net/2u *"_ivl_14", 7 0, L_0x7f002907f3c0;  1 drivers
v0x558bce7fcd70_0 .net *"_ivl_16", 31 0, L_0x558bce813b70;  1 drivers
L_0x7f002907f408 .functor BUFT 1, C4<00000000000000000000000000000000>, C4<0>, C4<0>, C4<0>;
v0x558bce7fce50_0 .net/2u *"_ivl_18", 31 0, L_0x7f002907f408;  1 drivers
v0x558bce7fcf30_0 .net *"_ivl_20", 31 0, L_0x558bce813e10;  1 drivers
L_0x7f002907f330 .functor BUFT 1, C4<0000000000000000000000>, C4<0>, C4<0>, C4<0>;
v0x558bce7fd010_0 .net/2u *"_ivl_8", 21 0, L_0x7f002907f330;  1 drivers
v0x558bce7fd0f0_0 .var "brk", 0 0;
v0x558bce7fd1b0_0 .net "clk", 0 0, L_0x558bce7818b0;  alias, 1 drivers
v0x558bce7fd250_0 .net "rdata", 31 0, L_0x558bce813f30;  alias, 1 drivers
v0x558bce7fd330_0 .net "rstrb", 0 0, L_0x558bce7377e0;  alias, 1 drivers
v0x558bce7fd3f0_0 .net "rx_data", 7 0, v0x558bce7fbb20_0;  1 drivers
v0x558bce7fd4b0_0 .net "sel_cntl", 0 0, L_0x558bce8142c0;  1 drivers
v0x558bce7fd550_0 .net "sel_dat", 0 0, L_0x558bce814100;  1 drivers
v0x558bce7fd610_0 .net "serial_tx_busy", 0 0, L_0x558bce813680;  1 drivers
v0x558bce7fd7f0_0 .net "serial_valid", 0 0, v0x558bce7fbc00_0;  1 drivers
v0x558bce7fd8c0_0 .net "wdata", 31 0, L_0x558bce7d3210;  alias, 1 drivers
v0x558bce7fd960_0 .net "wstrb", 0 0, L_0x558bce8120d0;  alias, 1 drivers
L_0x558bce8137c0 .reduce/nor v0x558bce7fd0f0_0;
L_0x558bce8139e0 .part L_0x558bce7d3210, 0, 8;
L_0x558bce813a80 .concat [ 8 1 1 22], v0x558bce7fbb20_0, v0x558bce7fbc00_0, L_0x558bce813680, L_0x7f002907f330;
L_0x558bce813b70 .concat [ 8 1 1 22], L_0x7f002907f3c0, v0x558bce7fbc00_0, L_0x558bce813680, L_0x7f002907f378;
L_0x558bce813e10 .functor MUXZ 32, L_0x7f002907f408, L_0x558bce813b70, L_0x558bce8142c0, C4<>;
L_0x558bce813f30 .functor MUXZ 32, L_0x558bce813e10, L_0x558bce813a80, L_0x558bce814100, C4<>;
S_0x558bce7faf70 .scope module, "the_buart" "buart" 3 555, 3 423 0, S_0x558bce7face0;
 .timescale 0 0;
    .port_info 0 /INPUT 1 "clk";
    .port_info 1 /INPUT 1 "resetq";
    .port_info 2 /OUTPUT 1 "tx";
    .port_info 3 /INPUT 1 "rx";
    .port_info 4 /INPUT 1 "wr";
    .port_info 5 /INPUT 1 "rd";
    .port_info 6 /INPUT 8 "tx_data";
    .port_info 7 /OUTPUT 8 "rx_data";
    .port_info 8 /OUTPUT 1 "busy";
    .port_info 9 /OUTPUT 1 "valid";
P_0x558bce7fb170 .param/l "BAUDS" 0 3 425, +C4<00000000000000011100001000000000>;
P_0x558bce7fb1b0 .param/l "FREQ_MHZ" 0 3 424, +C4<00000000000000000000000000001100>;
P_0x558bce7fb1f0 .param/l "baud_init" 0 3 447, +C4<0000000000000000000000000000000000000000000000000000000001101000>;
P_0x558bce7fb230 .param/l "divider" 0 3 444, +C4<0000000000000000000000000000000000000000000000000000000001101000>;
P_0x558bce7fb270 .param/l "divwidth" 0 3 445, +C4<00000000000000000000000000000111>;
P_0x558bce7fb2b0 .param/l "half_baud_init" 0 3 448, +C4<00000000000000000000000000000000000000000000000000000000000110101>;
v0x558bce7fb730_0 .net *"_ivl_11", 8 0, L_0x558bce8135e0;  1 drivers
v0x558bce7fb830_0 .net "busy", 0 0, L_0x558bce813680;  alias, 1 drivers
v0x558bce7fb8f0_0 .net "clk", 0 0, L_0x558bce7818b0;  alias, 1 drivers
v0x558bce7fb9c0_0 .net "rd", 0 0, L_0x558bce813920;  1 drivers
v0x558bce7fba60_0 .net "recv_baud_clk", 0 0, L_0x558bce813240;  1 drivers
v0x558bce7fbb20_0 .var "recv_buf_data", 7 0;
v0x558bce7fbc00_0 .var "recv_buf_valid", 0 0;
v0x558bce7fbcc0_0 .var "recv_divcnt", 7 0;
v0x558bce7fbda0_0 .var "recv_pattern", 8 0;
v0x558bce7fbf10_0 .var "recv_state", 0 0;
v0x558bce7fbfd0_0 .net "resetq", 0 0, L_0x558bce8137c0;  1 drivers
v0x558bce7fc090_0 .net "rx", 0 0, L_0x558bce812680;  alias, 1 drivers
v0x558bce7fc150_0 .net "rx_data", 7 0, v0x558bce7fbb20_0;  alias, 1 drivers
v0x558bce7fc230_0 .net "send_baud_clk", 0 0, L_0x558bce813410;  1 drivers
v0x558bce7fc2f0_0 .var "send_divcnt", 7 0;
v0x558bce7fc3d0_0 .var "send_pattern", 9 0;
v0x558bce7fc4b0_0 .net "tx", 0 0, L_0x558bce8134b0;  alias, 1 drivers
v0x558bce7fc570_0 .net "tx_data", 7 0, L_0x558bce8139e0;  1 drivers
v0x558bce7fc650_0 .net "valid", 0 0, v0x558bce7fbc00_0;  alias, 1 drivers
v0x558bce7fc710_0 .net "wr", 0 0, L_0x558bce8138b0;  1 drivers
L_0x558bce813240 .part v0x558bce7fbcc0_0, 7, 1;
L_0x558bce813410 .part v0x558bce7fc2f0_0, 7, 1;
L_0x558bce8134b0 .part v0x558bce7fc3d0_0, 0, 1;
L_0x558bce8135e0 .part v0x558bce7fc3d0_0, 1, 9;
L_0x558bce813680 .reduce/or L_0x558bce8135e0;
    .scope S_0x558bce797430;
T_0 ;
    %pushi/vec4 1, 0, 1;
    %store/vec4 v0x558bce7e7640_0, 0, 1;
    %end;
    .thread T_0;
    .scope S_0x558bce797430;
T_1 ;
    %wait E_0x558bce6f7fb0;
    %load/vec4 v0x558bce7e89c0_0;
    %flag_set/vec4 8;
    %jmp/0xz  T_1.0, 8;
    %pushi/vec4 0, 0, 1;
    %assign/vec4 v0x558bce7e7640_0, 0;
    %pushi/vec4 3, 0, 8;
    %concati/vec4 0, 0, 2;
    %load/vec4 v0x558bce7e8c20_0;
    %concat/vec4; draw_concat_vec4
    %concati/vec4 0, 0, 2;
    %assign/vec4 v0x558bce7e84e0_0, 0;
    %pushi/vec4 32, 0, 6;
    %assign/vec4 v0x558bce7e8b40_0, 0;
    %jmp T_1.1;
T_1.0 ;
    %load/vec4 v0x558bce7e8a80_0;
    %flag_set/vec4 8;
    %jmp/0xz  T_1.2, 8;
    %load/vec4 v0x558bce7e8b40_0;
    %pad/u 32;
    %cmpi/e 1, 0, 32;
    %jmp/0xz  T_1.4, 4;
    %pushi/vec4 32, 0, 6;
    %assign/vec4 v0x558bce7e8660_0, 0;
T_1.4 ;
    %load/vec4 v0x558bce7e8b40_0;
    %subi 1, 0, 6;
    %assign/vec4 v0x558bce7e8b40_0, 0;
    %load/vec4 v0x558bce7e84e0_0;
    %parti/s 31, 0, 2;
    %concati/vec4 1, 0, 1;
    %assign/vec4 v0x558bce7e84e0_0, 0;
T_1.2 ;
    %load/vec4 v0x558bce7e8900_0;
    %flag_set/vec4 8;
    %jmp/0xz  T_1.6, 8;
    %load/vec4 v0x558bce7e8660_0;
    %subi 1, 0, 6;
    %assign/vec4 v0x558bce7e8660_0, 0;
    %load/vec4 v0x558bce7e8740_0;
    %parti/s 31, 0, 2;
    %load/vec4 v0x558bce7e7700_0;
    %concat/vec4; draw_concat_vec4
    %assign/vec4 v0x558bce7e8740_0, 0;
T_1.6 ;
    %load/vec4 v0x558bce7e8380_0;
    %nor/r;
    %flag_set/vec4 8;
    %jmp/0xz  T_1.8, 8;
    %pushi/vec4 1, 0, 1;
    %assign/vec4 v0x558bce7e7640_0, 0;
T_1.8 ;
T_1.1 ;
    %jmp T_1;
    .thread T_1;
    .scope S_0x558bce7faf70;
T_2 ;
    %pushi/vec4 1, 0, 10;
    %store/vec4 v0x558bce7fc3d0_0, 0, 10;
    %end;
    .thread T_2;
    .scope S_0x558bce7faf70;
T_3 ;
    %wait E_0x558bce6f7fb0;
    %load/vec4 v0x558bce7fb9c0_0;
    %flag_set/vec4 8;
    %jmp/0xz  T_3.0, 8;
    %pushi/vec4 0, 0, 1;
    %assign/vec4 v0x558bce7fbc00_0, 0;
T_3.0 ;
    %load/vec4 v0x558bce7fbfd0_0;
    %nor/r;
    %flag_set/vec4 8;
    %jmp/0xz  T_3.2, 8;
    %pushi/vec4 0, 0, 1;
    %assign/vec4 v0x558bce7fbc00_0, 0;
T_3.2 ;
    %load/vec4 v0x558bce7fbf10_0;
    %dup/vec4;
    %pushi/vec4 0, 0, 1;
    %cmp/u;
    %jmp/1 T_3.4, 6;
    %dup/vec4;
    %pushi/vec4 1, 0, 1;
    %cmp/u;
    %jmp/1 T_3.5, 6;
    %jmp T_3.6;
T_3.4 ;
    %load/vec4 v0x558bce7fc090_0;
    %nor/r;
    %flag_set/vec4 8;
    %jmp/0xz  T_3.7, 8;
    %pushi/vec4 1, 0, 1;
    %assign/vec4 v0x558bce7fbf10_0, 0;
    %pushi/vec4 53, 0, 8;
    %assign/vec4 v0x558bce7fbcc0_0, 0;
T_3.7 ;
    %pushi/vec4 0, 0, 9;
    %assign/vec4 v0x558bce7fbda0_0, 0;
    %jmp T_3.6;
T_3.5 ;
    %load/vec4 v0x558bce7fba60_0;
    %flag_set/vec4 8;
    %jmp/0xz  T_3.9, 8;
    %load/vec4 v0x558bce7fbda0_0;
    %parti/s 1, 0, 2;
    %flag_set/vec4 8;
    %jmp/0xz  T_3.11, 8;
    %load/vec4 v0x558bce7fbda0_0;
    %parti/s 8, 1, 2;
    %inv;
    %assign/vec4 v0x558bce7fbb20_0, 0;
    %pushi/vec4 1, 0, 1;
    %assign/vec4 v0x558bce7fbc00_0, 0;
    %pushi/vec4 0, 0, 1;
    %assign/vec4 v0x558bce7fbf10_0, 0;
    %jmp T_3.12;
T_3.11 ;
    %load/vec4 v0x558bce7fc090_0;
    %inv;
    %load/vec4 v0x558bce7fbda0_0;
    %parti/s 8, 1, 2;
    %concat/vec4; draw_concat_vec4
    %assign/vec4 v0x558bce7fbda0_0, 0;
    %pushi/vec4 104, 0, 8;
    %assign/vec4 v0x558bce7fbcc0_0, 0;
T_3.12 ;
    %jmp T_3.10;
T_3.9 ;
    %load/vec4 v0x558bce7fbcc0_0;
    %subi 1, 0, 8;
    %assign/vec4 v0x558bce7fbcc0_0, 0;
T_3.10 ;
    %jmp T_3.6;
T_3.6 ;
    %pop/vec4 1;
    %jmp T_3;
    .thread T_3;
    .scope S_0x558bce7faf70;
T_4 ;
    %wait E_0x558bce6f7fb0;
    %load/vec4 v0x558bce7fc710_0;
    %flag_set/vec4 8;
    %jmp/0xz  T_4.0, 8;
    %pushi/vec4 1, 0, 1;
    %load/vec4 v0x558bce7fc570_0;
    %concat/vec4; draw_concat_vec4
    %concati/vec4 0, 0, 1;
    %assign/vec4 v0x558bce7fc3d0_0, 0;
    %jmp T_4.1;
T_4.0 ;
    %load/vec4 v0x558bce7fc230_0;
    %load/vec4 v0x558bce7fb830_0;
    %and;
    %flag_set/vec4 8;
    %jmp/0xz  T_4.2, 8;
    %load/vec4 v0x558bce7fc3d0_0;
    %ix/load 4, 1, 0;
    %flag_set/imm 4, 0;
    %shiftr 4;
    %assign/vec4 v0x558bce7fc3d0_0, 0;
T_4.2 ;
T_4.1 ;
    %load/vec4 v0x558bce7fc710_0;
    %load/vec4 v0x558bce7fc230_0;
    %or;
    %flag_set/vec4 8;
    %jmp/0xz  T_4.4, 8;
    %pushi/vec4 104, 0, 8;
    %assign/vec4 v0x558bce7fc2f0_0, 0;
    %jmp T_4.5;
T_4.4 ;
    %load/vec4 v0x558bce7fc2f0_0;
    %subi 1, 0, 8;
    %assign/vec4 v0x558bce7fc2f0_0, 0;
T_4.5 ;
    %jmp T_4;
    .thread T_4;
    .scope S_0x558bce7face0;
T_5 ;
    %wait E_0x558bce6f7fb0;
    %load/vec4 v0x558bce7fd7f0_0;
    %load/vec4 v0x558bce7fd3f0_0;
    %pushi/vec4 3, 0, 8;
    %cmp/e;
    %flag_get/vec4 4;
    %and;
    %assign/vec4 v0x558bce7fd0f0_0, 0;
    %jmp T_5;
    .thread T_5;
    .scope S_0x558bce707ad0;
T_6 ;
    %wait E_0x558bce6f7fb0;
    %load/vec4 v0x558bce7faa20_0;
    %flag_set/vec4 8;
    %jmp/0xz  T_6.0, 8;
    %load/vec4 v0x558bce7fa520_0;
    %pad/u 32;
    %cmpi/ne 0, 0, 32;
    %jmp/0xz  T_6.2, 4;
    %load/vec4 v0x558bce7faae0_0;
    %load/vec4 v0x558bce7fa520_0;
    %pad/u 7;
    %ix/vec4 3;
    %ix/load 4, 0, 0; Constant delay
    %assign/vec4/a/d v0x558bce7fa600, 0, 4;
T_6.2 ;
T_6.0 ;
    %jmp T_6;
    .thread T_6;
    .scope S_0x558bce707ad0;
T_7 ;
    %wait E_0x558bce6f7fb0;
    %load/vec4 v0x558bce7f85b0_0;
    %flag_set/vec4 8;
    %jmp/0xz  T_7.0, 8;
    %load/vec4 v0x558bce7f88d0_0;
    %flag_set/vec4 8;
    %jmp/0xz  T_7.2, 8;
    %load/vec4 v0x558bce7f7f90_0;
    %assign/vec4 v0x558bce7f83f0_0, 0;
    %load/vec4 v0x558bce7f8070_0;
    %parti/s 5, 0, 2;
    %assign/vec4 v0x558bce7f84d0_0, 0;
T_7.2 ;
T_7.0 ;
    %load/vec4 v0x558bce7f84d0_0;
    %or/r;
    %flag_set/vec4 8;
    %jmp/0xz  T_7.4, 8;
    %load/vec4 v0x558bce7f84d0_0;
    %subi 1, 0, 5;
    %assign/vec4 v0x558bce7f84d0_0, 0;
    %load/vec4 v0x558bce7f87f0_0;
    %parti/s 1, 1, 2;
    %flag_set/vec4 8;
    %jmp/0 T_7.6, 8;
    %load/vec4 v0x558bce7f83f0_0;
    %ix/load 4, 1, 0;
    %flag_set/imm 4, 0;
    %shiftl 4;
    %jmp/1 T_7.7, 8;
T_7.6 ; End of true expr.
    %load/vec4 v0x558bce7f8990_0;
    %parti/s 1, 28, 6;
    %load/vec4 v0x558bce7f83f0_0;
    %parti/s 1, 31, 6;
    %and;
    %load/vec4 v0x558bce7f83f0_0;
    %parti/s 31, 1, 2;
    %concat/vec4; draw_concat_vec4
    %jmp/0 T_7.7, 8;
 ; End of false expr.
    %blend;
T_7.7;
    %assign/vec4 v0x558bce7f83f0_0, 0;
T_7.4 ;
    %jmp T_7;
    .thread T_7;
    .scope S_0x558bce707ad0;
T_8 ;
    %wait E_0x558bce6f7fb0;
    %load/vec4 v0x558bce7fa6c0_0;
    %nor/r;
    %flag_set/vec4 8;
    %jmp/0xz  T_8.0, 8;
    %pushi/vec4 8, 0, 4;
    %assign/vec4 v0x558bce7fa940_0, 0;
    %pushi/vec4 0, 0, 24;
    %assign/vec4 v0x558bce7ea8c0_0, 0;
    %jmp T_8.1;
T_8.0 ;
    %pushi/vec4 1, 0, 1;
    %dup/vec4;
    %load/vec4 v0x558bce7fa940_0;
    %parti/s 1, 1, 2;
    %cmp/u;
    %jmp/1 T_8.2, 6;
    %dup/vec4;
    %load/vec4 v0x558bce7fa940_0;
    %parti/s 1, 2, 3;
    %cmp/u;
    %jmp/1 T_8.3, 6;
    %dup/vec4;
    %load/vec4 v0x558bce7fa940_0;
    %parti/s 1, 3, 3;
    %cmp/u;
    %jmp/1 T_8.4, 6;
    %pushi/vec4 2, 0, 4;
    %assign/vec4 v0x558bce7fa940_0, 0;
    %jmp T_8.6;
T_8.2 ;
    %load/vec4 v0x558bce7f9ec0_0;
    %nor/r;
    %flag_set/vec4 8;
    %jmp/0xz  T_8.7, 8;
    %load/vec4 v0x558bce7f9f80_0;
    %parti/s 5, 15, 5;
    %pad/u 7;
    %ix/vec4 4;
    %load/vec4a v0x558bce7fa600, 4;
    %assign/vec4 v0x558bce7fa780_0, 0;
    %load/vec4 v0x558bce7f9f80_0;
    %parti/s 5, 20, 6;
    %pad/u 7;
    %ix/vec4 4;
    %load/vec4a v0x558bce7fa600, 4;
    %assign/vec4 v0x558bce7fa860_0, 0;
    %load/vec4 v0x558bce7f9f80_0;
    %parti/s 30, 2, 3;
    %assign/vec4 v0x558bce7f8990_0, 0;
    %pushi/vec4 4, 0, 4;
    %assign/vec4 v0x558bce7fa940_0, 0;
T_8.7 ;
    %jmp T_8.6;
T_8.3 ;
    %load/vec4 v0x558bce7f1840_0;
    %flag_set/vec4 8;
    %jmp/0 T_8.9, 8;
    %load/vec4 v0x558bce7f8310_0;
    %parti/s 23, 1, 2;
    %concati/vec4 0, 0, 1;
    %jmp/1 T_8.10, 8;
T_8.9 ; End of true expr.
    %load/vec4 v0x558bce7f1c00_0;
    %flag_set/vec4 9;
    %jmp/0 T_8.11, 9;
    %load/vec4 v0x558bce7eaa80_0;
    %jmp/1 T_8.12, 9;
T_8.11 ; End of true expr.
    %load/vec4 v0x558bce7ea9a0_0;
    %jmp/0 T_8.12, 9;
 ; End of false expr.
    %blend;
T_8.12;
    %jmp/0 T_8.10, 8;
 ; End of false expr.
    %blend;
T_8.10;
    %assign/vec4 v0x558bce7ea8c0_0, 0;
    %load/vec4 v0x558bce7fa3a0_0;
    %flag_set/vec4 8;
    %jmp/0 T_8.13, 8;
    %pushi/vec4 8, 0, 35;
    %jmp/1 T_8.14, 8;
T_8.13 ; End of true expr.
    %pushi/vec4 1, 0, 35;
    %jmp/0 T_8.14, 8;
 ; End of false expr.
    %blend;
T_8.14;
    %pad/s 4;
    %assign/vec4 v0x558bce7fa940_0, 0;
    %jmp T_8.6;
T_8.4 ;
    %load/vec4 v0x558bce7f7ed0_0;
    %nor/r;
    %load/vec4 v0x558bce7f9ec0_0;
    %nor/r;
    %and;
    %load/vec4 v0x558bce7fa120_0;
    %nor/r;
    %and;
    %flag_set/vec4 8;
    %jmp/0xz  T_8.15, 8;
    %pushi/vec4 1, 0, 4;
    %assign/vec4 v0x558bce7fa940_0, 0;
T_8.15 ;
    %jmp T_8.6;
T_8.6 ;
    %pop/vec4 1;
T_8.1 ;
    %jmp T_8;
    .thread T_8;
    .scope S_0x558bce707ad0;
T_9 ;
    %wait E_0x558bce6f7fb0;
    %load/vec4 v0x558bce7f8710_0;
    %addi 1, 0, 32;
    %assign/vec4 v0x558bce7f8710_0, 0;
    %jmp T_9;
    .thread T_9;
    .scope S_0x558bce707ad0;
T_10 ;
    %pushi/vec4 0, 0, 32;
    %store/vec4 v0x558bce7f8710_0, 0, 32;
    %pushi/vec4 0, 0, 5;
    %store/vec4 v0x558bce7f84d0_0, 0, 5;
    %pushi/vec4 0, 0, 32;
    %ix/load 4, 0, 0;
    %flag_set/imm 4, 0;
    %store/vec4a v0x558bce7fa600, 4, 0;
    %end;
    .thread T_10;
    .scope S_0x558bce77e3a0;
T_11 ;
    %pushi/vec4 0, 0, 26;
    %store/vec4 v0x558bce7e9020_0, 0, 26;
    %end;
    .thread T_11;
    .scope S_0x558bce77e3a0;
T_12 ;
    %wait E_0x558bce7d80a0;
    %load/vec4 v0x558bce7e9020_0;
    %addi 1, 0, 26;
    %assign/vec4 v0x558bce7e9020_0, 0;
    %jmp T_12;
    .thread T_12;
    .scope S_0x558bce77fa80;
T_13 ;
    %pushi/vec4 0, 0, 16;
    %store/vec4 v0x558bce7ffd10_0, 0, 16;
    %pushi/vec4 0, 0, 1;
    %store/vec4 v0x558bce7fe890_0, 0, 1;
    %end;
    .thread T_13;
    .scope S_0x558bce77fa80;
T_14 ;
    %wait E_0x558bce728e50;
    %load/vec4 v0x558bce7fdc40_0;
    %flag_set/vec4 8;
    %jmp/0xz  T_14.0, 8;
    %pushi/vec4 0, 0, 16;
    %assign/vec4 v0x558bce7ffd10_0, 0;
    %jmp T_14.1;
T_14.0 ;
    %load/vec4 v0x558bce7ffd10_0;
    %load/vec4 v0x558bce7ffc50_0;
    %nor/r;
    %pad/u 16;
    %add;
    %assign/vec4 v0x558bce7ffd10_0, 0;
T_14.1 ;
    %jmp T_14;
    .thread T_14;
    .scope S_0x558bce77fa80;
T_15 ;
    %vpi_call 3 802 "$readmemh", "add.hex", v0x558bce7fdb60 {0 0 0};
    %end;
    .thread T_15;
    .scope S_0x558bce77fa80;
T_16 ;
    %wait E_0x558bce6f7fb0;
    %load/vec4 v0x558bce7ff350_0;
    %pushi/vec4 1, 0, 1;
    %and;
    %flag_set/vec4 8;
    %jmp/0xz  T_16.0, 8;
    %load/vec4 v0x558bce7ff8c0_0;
    %parti/s 1, 0, 2;
    %flag_set/vec4 8;
    %jmp/0xz  T_16.2, 8;
    %load/vec4 v0x558bce7ff7f0_0;
    %parti/s 8, 0, 2;
    %ix/getv 3, v0x558bce7ffb70_0;
    %ix/load 4, 0, 0; Constant delay
    %assign/vec4/a/d v0x558bce7fdb60, 0, 4;
T_16.2 ;
    %load/vec4 v0x558bce7ff8c0_0;
    %parti/s 1, 1, 2;
    %flag_set/vec4 8;
    %jmp/0xz  T_16.4, 8;
    %load/vec4 v0x558bce7ff7f0_0;
    %parti/s 8, 8, 5;
    %ix/getv 3, v0x558bce7ffb70_0;
    %ix/load 4, 8, 0; part off
    %ix/load 5, 0, 0; Constant delay
    %assign/vec4/a/d v0x558bce7fdb60, 4, 5;
T_16.4 ;
    %load/vec4 v0x558bce7ff8c0_0;
    %parti/s 1, 2, 3;
    %flag_set/vec4 8;
    %jmp/0xz  T_16.6, 8;
    %load/vec4 v0x558bce7ff7f0_0;
    %parti/s 8, 16, 6;
    %ix/getv 3, v0x558bce7ffb70_0;
    %ix/load 4, 16, 0; part off
    %ix/load 5, 0, 0; Constant delay
    %assign/vec4/a/d v0x558bce7fdb60, 4, 5;
T_16.6 ;
    %load/vec4 v0x558bce7ff8c0_0;
    %parti/s 1, 3, 3;
    %flag_set/vec4 8;
    %jmp/0xz  T_16.8, 8;
    %load/vec4 v0x558bce7ff7f0_0;
    %parti/s 8, 24, 6;
    %ix/getv 3, v0x558bce7ffb70_0;
    %ix/load 4, 24, 0; part off
    %ix/load 5, 0, 0; Constant delay
    %assign/vec4/a/d v0x558bce7fdb60, 4, 5;
T_16.8 ;
T_16.0 ;
    %ix/getv 4, v0x558bce7ffb70_0;
    %load/vec4a v0x558bce7fdb60, 4;
    %assign/vec4 v0x558bce7ffad0_0, 0;
    %jmp T_16;
    .thread T_16;
    .scope S_0x558bce77fa80;
T_17 ;
    %wait E_0x558bce6f7fb0;
    %pushi/vec4 0, 0, 32;
    %load/vec4 v0x558bce7fea40_0;
    %or;
    %load/vec4 v0x558bce8001d0_0;
    %or;
    %assign/vec4 v0x558bce7feba0_0, 0;
    %jmp T_17;
    .thread T_17;
    .scope S_0x558bce7798a0;
T_18 ;
    %pushi/vec4 0, 0, 1;
    %assign/vec4 v0x558bce800430_0, 0;
    %pushi/vec4 0, 0, 1;
    %assign/vec4 v0x558bce800370_0, 0;
    %delay 20, 0;
    %pushi/vec4 1, 0, 1;
    %store/vec4 v0x558bce800430_0, 0, 1;
    %end;
    .thread T_18;
    .scope S_0x558bce7798a0;
T_19 ;
    %delay 10, 0;
    %load/vec4 v0x558bce800370_0;
    %nor/r;
    %store/vec4 v0x558bce800370_0, 0, 1;
    %jmp T_19;
    .thread T_19;
    .scope S_0x558bce7798a0;
T_20 ;
    %wait E_0x558bce7102b0;
    %jmp T_20;
    .thread T_20;
    .scope S_0x558bce7798a0;
T_21 ;
    %delay 94000, 0;
    %vpi_call 2 58 "$finish" {0 0 0};
    %end;
    .thread T_21;
    .scope S_0x558bce7798a0;
T_22 ;
    %vpi_call 2 61 "$dumpfile", "testbench.vcd" {0 0 0};
    %vpi_call 2 62 "$dumpvars", 32'sb00000000000000000000000000000000, S_0x558bce7798a0 {0 0 0};
    %end;
    .thread T_22;
# The file index is used to find the file name in the following table.
:file_names 5;
    "N/A";
    "<interactive>";
    "testbench.v";
    "./femtosoc.v";
    "./MappedSPIFlash.v";
